<?xml version="1.0" encoding="UTF-8"?>
<coverage generated="1605243814003" clover="3.2.0">
  <project timestamp="1605243814003" name="All files">
    <metrics statements="170" coveredstatements="170" conditionals="49" coveredconditionals="49" methods="57" coveredmethods="57" elements="276" coveredelements="276" complexity="0" loc="170" ncloc="170" packages="2" files="3" classes="3"/>
    <package name="src">
      <metrics statements="14" coveredstatements="14" conditionals="6" coveredconditionals="6" methods="8" coveredmethods="8"/>
      <file name="utilities.ts" path="/home/pb1337/source/repos/de-formed-validations/src/utilities.ts">
        <metrics statements="14" coveredstatements="14" conditionals="6" coveredconditionals="6" methods="8" coveredmethods="8"/>
        <line num="1" count="3" type="stmt"/>
        <line num="10" count="3" type="stmt"/>
        <line num="12" count="3" type="stmt"/>
        <line num="13" count="2110" type="cond" truecount="2" falsecount="0"/>
        <line num="14" count="907" type="stmt"/>
        <line num="17" count="1203" type="stmt"/>
        <line num="24" count="481" type="stmt"/>
        <line num="25" count="1252" type="stmt"/>
        <line num="30" count="1203" type="cond" truecount="2" falsecount="0"/>
        <line num="32" count="3" type="stmt"/>
        <line num="33" count="186" type="cond" truecount="2" falsecount="0"/>
        <line num="39" count="3" type="stmt"/>
        <line num="41" count="3" type="stmt"/>
        <line num="45" count="223" type="stmt"/>
      </file>
    </package>
    <package name="src.validations">
      <metrics statements="156" coveredstatements="156" conditionals="43" coveredconditionals="43" methods="49" coveredmethods="49"/>
      <file name="useValidation.ts" path="/home/pb1337/source/repos/de-formed-validations/src/validations/useValidation.ts">
        <metrics statements="79" coveredstatements="79" conditionals="23" coveredconditionals="23" methods="24" coveredmethods="24"/>
        <line num="1" count="1" type="stmt"/>
        <line num="8" count="1" type="stmt"/>
        <line num="9" count="1" type="stmt"/>
        <line num="17" count="1" type="stmt"/>
        <line num="19" count="134" type="stmt"/>
        <line num="20" count="135" type="stmt"/>
        <line num="21" count="270" type="stmt"/>
        <line num="35" count="134" type="stmt"/>
        <line num="36" count="134" type="stmt"/>
        <line num="39" count="134" type="stmt"/>
        <line num="44" count="134" type="stmt"/>
        <line num="45" count="1" type="stmt"/>
        <line num="52" count="134" type="stmt"/>
        <line num="53" count="1" type="stmt"/>
        <line num="63" count="134" type="stmt"/>
        <line num="64" count="45" type="cond" truecount="2" falsecount="0"/>
        <line num="65" count="45" type="stmt"/>
        <line num="66" count="99" type="stmt"/>
        <line num="69" count="45" type="stmt"/>
        <line num="73" count="45" type="stmt"/>
        <line num="74" count="45" type="stmt"/>
        <line num="76" count="45" type="stmt"/>
        <line num="79" count="45" type="stmt"/>
        <line num="90" count="134" type="stmt"/>
        <line num="91" count="15" type="cond" truecount="2" falsecount="0"/>
        <line num="92" count="14" type="stmt"/>
        <line num="93" count="14" type="stmt"/>
        <line num="94" count="14" type="stmt"/>
        <line num="95" count="14" type="stmt"/>
        <line num="97" count="1" type="stmt"/>
        <line num="108" count="134" type="stmt"/>
        <line num="109" count="6" type="stmt"/>
        <line num="114" count="6" type="stmt"/>
        <line num="116" count="10" type="stmt"/>
        <line num="121" count="6" type="stmt"/>
        <line num="122" count="6" type="stmt"/>
        <line num="131" count="134" type="stmt"/>
        <line num="132" count="5" type="cond" truecount="2" falsecount="0"/>
        <line num="133" count="4" type="stmt"/>
        <line num="134" count="4" type="cond" truecount="2" falsecount="0"/>
        <line num="135" count="2" type="stmt"/>
        <line num="137" count="4" type="stmt"/>
        <line num="139" count="1" type="stmt"/>
        <line num="147" count="134" type="stmt"/>
        <line num="150" count="1" type="stmt"/>
        <line num="151" count="1" type="stmt"/>
        <line num="161" count="134" type="stmt"/>
        <line num="164" count="1" type="stmt"/>
        <line num="165" count="1" type="stmt"/>
        <line num="166" count="1" type="stmt"/>
        <line num="176" count="134" type="stmt"/>
        <line num="180" count="9" type="stmt"/>
        <line num="182" count="17" type="stmt"/>
        <line num="183" count="17" type="stmt"/>
        <line num="188" count="9" type="stmt"/>
        <line num="189" count="9" type="stmt"/>
        <line num="190" count="9" type="stmt"/>
        <line num="198" count="134" type="stmt"/>
        <line num="202" count="158" type="cond" truecount="2" falsecount="0"/>
        <line num="203" count="157" type="stmt"/>
        <line num="204" count="157" type="cond" truecount="2" falsecount="0"/>
        <line num="206" count="1" type="stmt"/>
        <line num="216" count="134" type="stmt"/>
        <line num="220" count="3" type="cond" truecount="2" falsecount="0"/>
        <line num="221" count="2" type="stmt"/>
        <line num="222" count="2" type="stmt"/>
        <line num="224" count="1" type="stmt"/>
        <line num="228" count="134" type="stmt"/>
        <line num="229" count="82" type="stmt"/>
        <line num="231" count="159" type="cond" truecount="2" falsecount="0"/>
        <line num="239" count="134" type="stmt"/>
        <line num="240" count="67" type="stmt"/>
        <line num="242" count="132" type="cond" truecount="2" falsecount="0"/>
        <line num="250" count="134" type="stmt"/>
        <line num="251" count="134" type="stmt"/>
        <line num="253" count="134" type="stmt"/>
        <line num="254" count="67" type="stmt"/>
        <line num="255" count="67" type="stmt"/>
        <line num="258" count="134" type="stmt"/>
      </file>
      <file name="validation.ts" path="/home/pb1337/source/repos/de-formed-validations/src/validations/validation.ts">
        <metrics statements="77" coveredstatements="77" conditionals="20" coveredconditionals="20" methods="25" coveredmethods="25"/>
        <line num="7" count="1" type="stmt"/>
        <line num="8" count="1" type="stmt"/>
        <line num="10" count="1" type="stmt"/>
        <line num="15" count="15" type="stmt"/>
        <line num="19" count="5" type="stmt"/>
        <line num="20" count="5" type="stmt"/>
        <line num="22" count="10" type="stmt"/>
        <line num="23" count="10" type="cond" truecount="2" falsecount="0"/>
        <line num="28" count="5" type="stmt"/>
        <line num="32" count="8" type="stmt"/>
        <line num="36" count="37" type="stmt"/>
        <line num="37" count="37" type="stmt"/>
        <line num="40" count="37" type="stmt"/>
        <line num="41" count="38" type="stmt"/>
        <line num="42" count="76" type="stmt"/>
        <line num="57" count="37" type="stmt"/>
        <line num="58" count="1" type="stmt"/>
        <line num="66" count="37" type="stmt"/>
        <line num="67" count="1" type="stmt"/>
        <line num="70" count="37" type="stmt"/>
        <line num="71" count="29" type="stmt"/>
        <line num="72" count="29" type="stmt"/>
        <line num="74" count="56" type="cond" truecount="2" falsecount="0"/>
        <line num="79" count="29" type="stmt"/>
        <line num="89" count="37" type="stmt"/>
        <line num="90" count="41" type="cond" truecount="2" falsecount="0"/>
        <line num="91" count="41" type="stmt"/>
        <line num="92" count="87" type="stmt"/>
        <line num="95" count="41" type="stmt"/>
        <line num="99" count="41" type="stmt"/>
        <line num="100" count="41" type="stmt"/>
        <line num="102" count="41" type="stmt"/>
        <line num="105" count="41" type="stmt"/>
        <line num="115" count="37" type="stmt"/>
        <line num="116" count="13" type="cond" truecount="2" falsecount="0"/>
        <line num="117" count="12" type="stmt"/>
        <line num="118" count="12" type="stmt"/>
        <line num="120" count="1" type="stmt"/>
        <line num="130" count="37" type="stmt"/>
        <line num="134" count="3" type="cond" truecount="2" falsecount="0"/>
        <line num="135" count="2" type="stmt"/>
        <line num="137" count="1" type="stmt"/>
        <line num="146" count="37" type="stmt"/>
        <line num="147" count="11" type="cond" truecount="2" falsecount="0"/>
        <line num="148" count="10" type="stmt"/>
        <line num="149" count="10" type="stmt"/>
        <line num="153" count="10" type="stmt"/>
        <line num="155" count="1" type="stmt"/>
        <line num="165" count="37" type="stmt"/>
        <line num="169" count="9" type="stmt"/>
        <line num="171" count="18" type="stmt"/>
        <line num="172" count="18" type="stmt"/>
        <line num="177" count="9" type="stmt"/>
        <line num="178" count="9" type="stmt"/>
        <line num="189" count="37" type="stmt"/>
        <line num="190" count="5" type="stmt"/>
        <line num="195" count="5" type="stmt"/>
        <line num="197" count="9" type="stmt"/>
        <line num="205" count="5" type="stmt"/>
        <line num="206" count="5" type="stmt"/>
        <line num="215" count="37" type="stmt"/>
        <line num="216" count="5" type="cond" truecount="2" falsecount="0"/>
        <line num="217" count="4" type="stmt"/>
        <line num="218" count="4" type="cond" truecount="2" falsecount="0"/>
        <line num="219" count="2" type="stmt"/>
        <line num="220" count="2" type="stmt"/>
        <line num="222" count="4" type="stmt"/>
        <line num="224" count="1" type="stmt"/>
        <line num="233" count="37" type="stmt"/>
        <line num="234" count="2" type="stmt"/>
        <line num="235" count="1" type="stmt"/>
        <line num="236" count="1" type="stmt"/>
        <line num="247" count="37" type="stmt"/>
        <line num="248" count="2" type="stmt"/>
        <line num="249" count="1" type="stmt"/>
        <line num="250" count="1" type="stmt"/>
        <line num="251" count="1" type="stmt"/>
      </file>
    </package>
  </project>
</coverage>
