{"/home/pb1337/source/repos/de-formed-validations/src/utilities.ts": {"path":"/home/pb1337/source/repos/de-formed-validations/src/utilities.ts","statementMap":{"0":{"start":{"line":1,"column":0},"end":{"line":1,"column":31}},"1":{"start":{"line":10,"column":16},"end":{"line":10,"column":25}},"2":{"start":{"line":12,"column":2},"end":{"line":18,"column":4}},"3":{"start":{"line":13,"column":4},"end":{"line":15,"column":null}},"4":{"start":{"line":14,"column":6},"end":{"line":14,"column":40}},"5":{"start":{"line":17,"column":4},"end":{"line":17,"column":34}},"6":{"start":{"line":24,"column":13},"end":{"line":25,"column":65}},"7":{"start":{"line":24,"column":50},"end":{"line":25,"column":64}},"8":{"start":{"line":25,"column":2},"end":{"line":25,"column":64}},"9":{"start":{"line":25,"column":31},"end":{"line":25,"column":54}},"10":{"start":{"line":30,"column":13},"end":{"line":30,"column":79}},"11":{"start":{"line":30,"column":52},"end":{"line":30,"column":76}},"12":{"start":{"line":32,"column":21},"end":{"line":34,"column":1}},"13":{"start":{"line":33,"column":2},"end":{"line":33,"column":31}},"14":{"start":{"line":39,"column":13},"end":{"line":39,"column":46}},"15":{"start":{"line":45,"column":2},"end":{"line":45,"column":63}},"16":{"start":{"line":41,"column":0},"end":{"line":41,"column":16}}},"fnMap":{"0":{"name":"curry","decl":{"start":{"line":9,"column":9},"end":{"line":9,"column":14}},"loc":{"start":{"line":9,"column":30},"end":{"line":19,"column":1}}},"1":{"name":"$curry","decl":{"start":{"line":12,"column":18},"end":{"line":12,"column":24}},"loc":{"start":{"line":12,"column":39},"end":{"line":18,"column":3}}},"2":{"name":"(anonymous_2)","decl":{"start":{"line":24,"column":23},"end":{"line":24,"column":24}},"loc":{"start":{"line":24,"column":50},"end":{"line":25,"column":64}}},"3":{"name":"(anonymous_3)","decl":{"start":{"line":24,"column":50},"end":{"line":24,"column":51}},"loc":{"start":{"line":25,"column":2},"end":{"line":25,"column":64}}},"4":{"name":"(anonymous_4)","decl":{"start":{"line":25,"column":18},"end":{"line":25,"column":19}},"loc":{"start":{"line":25,"column":31},"end":{"line":25,"column":54}}},"5":{"name":"(anonymous_5)","decl":{"start":{"line":30,"column":26},"end":{"line":30,"column":27}},"loc":{"start":{"line":30,"column":52},"end":{"line":30,"column":76}}},"6":{"name":"(anonymous_6)","decl":{"start":{"line":32,"column":21},"end":{"line":32,"column":22}},"loc":{"start":{"line":32,"column":56},"end":{"line":34,"column":1}}},"7":{"name":"isPropertyValid","decl":{"start":{"line":41,"column":16},"end":{"line":41,"column":31}},"loc":{"start":{"line":43,"column":30},"end":{"line":46,"column":1}}}},"branchMap":{"0":{"loc":{"start":{"line":13,"column":4},"end":{"line":15,"column":null}},"type":"if","locations":[{"start":{"line":13,"column":4},"end":{"line":15,"column":null}},{"start":{"line":13,"column":4},"end":{"line":15,"column":null}}]},"1":{"loc":{"start":{"line":30,"column":58},"end":{"line":30,"column":64}},"type":"cond-expr","locations":[{"start":{"line":30,"column":58},"end":{"line":30,"column":64}},{"start":{"line":30,"column":67},"end":{"line":30,"column":76}}]},"2":{"loc":{"start":{"line":33,"column":19},"end":{"line":33,"column":22}},"type":"cond-expr","locations":[{"start":{"line":33,"column":19},"end":{"line":33,"column":22}},{"start":{"line":33,"column":25},"end":{"line":33,"column":30}}]}},"s":{"0":3,"1":3,"2":3,"3":3088,"4":1575,"5":1513,"6":3,"7":719,"8":736,"9":1767,"10":3,"11":1513,"12":3,"13":197,"14":3,"15":237,"16":3},"f":{"0":3,"1":3088,"2":719,"3":736,"4":1767,"5":1513,"6":197,"7":237},"b":{"0":[1575,1513],"1":[1511,2],"2":[145,52]}}
,"/home/pb1337/source/repos/de-formed-validations/src/validations/useValidation.ts": {"path":"/home/pb1337/source/repos/de-formed-validations/src/validations/useValidation.ts","statementMap":{"0":{"start":{"line":1,"column":0},"end":{"line":1,"column":70}},"1":{"start":{"line":20,"column":0},"end":{"line":20,"column":67}},"2":{"start":{"line":21,"column":0},"end":{"line":21,"column":64}},"3":{"start":{"line":29,"column":13},"end":{"line":322,"column":2}},"4":{"start":{"line":33,"column":33},"end":{"line":45,"column":3}},"5":{"start":{"line":34,"column":4},"end":{"line":44,"column":6}},"6":{"start":{"line":35,"column":47},"end":{"line":41,"column":8}},"7":{"start":{"line":48,"column":32},"end":{"line":48,"column":55}},"8":{"start":{"line":49,"column":48},"end":{"line":50,"column":null}},"9":{"start":{"line":52,"column":49},"end":{"line":52,"column":71}},"10":{"start":{"line":57,"column":53},"end":{"line":58,"column":73}},"11":{"start":{"line":58,"column":4},"end":{"line":58,"column":73}},"12":{"start":{"line":64,"column":53},"end":{"line":68,"column":3}},"13":{"start":{"line":67,"column":4},"end":{"line":67,"column":43}},"14":{"start":{"line":77,"column":27},"end":{"line":102,"column":3}},"15":{"start":{"line":82,"column":23},"end":{"line":82,"column":48}},"16":{"start":{"line":83,"column":25},"end":{"line":85,"column":null}},"17":{"start":{"line":84,"column":39},"end":{"line":84,"column":62}},"18":{"start":{"line":87,"column":29},"end":{"line":89,"column":null}},"19":{"start":{"line":91,"column":41},"end":{"line":91,"column":51}},"20":{"start":{"line":92,"column":19},"end":{"line":95,"column":10}},"21":{"start":{"line":93,"column":22},"end":{"line":93,"column":78}},"22":{"start":{"line":94,"column":6},"end":{"line":94,"column":62}},"23":{"start":{"line":96,"column":4},"end":{"line":101,"column":6}},"24":{"start":{"line":110,"column":32},"end":{"line":122,"column":3}},"25":{"start":{"line":115,"column":4},"end":{"line":120,"column":null}},"26":{"start":{"line":116,"column":26},"end":{"line":116,"column":66}},"27":{"start":{"line":117,"column":22},"end":{"line":117,"column":62}},"28":{"start":{"line":118,"column":6},"end":{"line":118,"column":34}},"29":{"start":{"line":119,"column":6},"end":{"line":119,"column":52}},"30":{"start":{"line":121,"column":4},"end":{"line":121,"column":16}},"31":{"start":{"line":132,"column":41},"end":{"line":149,"column":3}},"32":{"start":{"line":135,"column":16},"end":{"line":139,"column":6}},"33":{"start":{"line":140,"column":18},"end":{"line":145,"column":null}},"34":{"start":{"line":142,"column":8},"end":{"line":142,"column":45}},"35":{"start":{"line":147,"column":4},"end":{"line":147,"column":30}},"36":{"start":{"line":148,"column":4},"end":{"line":148,"column":27}},"37":{"start":{"line":157,"column":44},"end":{"line":170,"column":3}},"38":{"start":{"line":162,"column":4},"end":{"line":168,"column":null}},"39":{"start":{"line":163,"column":26},"end":{"line":163,"column":66}},"40":{"start":{"line":164,"column":6},"end":{"line":166,"column":null}},"41":{"start":{"line":165,"column":8},"end":{"line":165,"column":69}},"42":{"start":{"line":167,"column":6},"end":{"line":167,"column":52}},"43":{"start":{"line":169,"column":4},"end":{"line":169,"column":16}},"44":{"start":{"line":178,"column":44},"end":{"line":183,"column":3}},"45":{"start":{"line":178,"column":58},"end":{"line":183,"column":3}},"46":{"start":{"line":181,"column":28},"end":{"line":181,"column":40}},"47":{"start":{"line":182,"column":4},"end":{"line":182,"column":44}},"48":{"start":{"line":192,"column":48},"end":{"line":199,"column":3}},"49":{"start":{"line":195,"column":7},"end":{"line":199,"column":3}},"50":{"start":{"line":196,"column":28},"end":{"line":196,"column":40}},"51":{"start":{"line":197,"column":4},"end":{"line":197,"column":50}},"52":{"start":{"line":198,"column":4},"end":{"line":198,"column":27}},"53":{"start":{"line":208,"column":38},"end":{"line":223,"column":3}},"54":{"start":{"line":212,"column":21},"end":{"line":218,"column":null}},"55":{"start":{"line":214,"column":18},"end":{"line":214,"column":74}},"56":{"start":{"line":215,"column":8},"end":{"line":215,"column":34}},"57":{"start":{"line":220,"column":20},"end":{"line":220,"column":57}},"58":{"start":{"line":221,"column":4},"end":{"line":221,"column":32}},"59":{"start":{"line":222,"column":4},"end":{"line":222,"column":30}},"60":{"start":{"line":230,"column":40},"end":{"line":239,"column":3}},"61":{"start":{"line":234,"column":4},"end":{"line":237,"column":null}},"62":{"start":{"line":235,"column":18},"end":{"line":235,"column":57}},"63":{"start":{"line":236,"column":6},"end":{"line":236,"column":25}},"64":{"start":{"line":238,"column":4},"end":{"line":238,"column":14}},"65":{"start":{"line":246,"column":32},"end":{"line":255,"column":3}},"66":{"start":{"line":250,"column":4},"end":{"line":253,"column":null}},"67":{"start":{"line":251,"column":18},"end":{"line":251,"column":63}},"68":{"start":{"line":252,"column":6},"end":{"line":252,"column":44}},"69":{"start":{"line":254,"column":4},"end":{"line":254,"column":14}},"70":{"start":{"line":264,"column":42},"end":{"line":273,"column":3}},"71":{"start":{"line":268,"column":4},"end":{"line":271,"column":null}},"72":{"start":{"line":269,"column":18},"end":{"line":269,"column":58}},"73":{"start":{"line":270,"column":6},"end":{"line":270,"column":25}},"74":{"start":{"line":272,"column":4},"end":{"line":272,"column":16}},"75":{"start":{"line":276,"column":19},"end":{"line":284,"column":3}},"76":{"start":{"line":277,"column":4},"end":{"line":283,"column":6}},"77":{"start":{"line":279,"column":8},"end":{"line":279,"column":56}},"78":{"start":{"line":287,"column":35},"end":{"line":295,"column":3}},"79":{"start":{"line":288,"column":4},"end":{"line":294,"column":6}},"80":{"start":{"line":290,"column":8},"end":{"line":290,"column":73}},"81":{"start":{"line":298,"column":24},"end":{"line":298,"column":64}},"82":{"start":{"line":299,"column":23},"end":{"line":299,"column":79}},"83":{"start":{"line":301,"column":2},"end":{"line":304,"column":39}},"84":{"start":{"line":302,"column":4},"end":{"line":302,"column":47}},"85":{"start":{"line":303,"column":4},"end":{"line":303,"column":54}},"86":{"start":{"line":306,"column":2},"end":{"line":321,"column":4}}},"fnMap":{"0":{"name":"(anonymous_0)","decl":{"start":{"line":29,"column":29},"end":{"line":29,"column":null}},"loc":{"start":{"line":31,"column":25},"end":{"line":322,"column":1}}},"1":{"name":"(anonymous_1)","decl":{"start":{"line":33,"column":33},"end":{"line":33,"column":34}},"loc":{"start":{"line":33,"column":65},"end":{"line":45,"column":3}}},"2":{"name":"(anonymous_2)","decl":{"start":{"line":35,"column":6},"end":{"line":35,"column":7}},"loc":{"start":{"line":35,"column":47},"end":{"line":41,"column":8}}},"3":{"name":"(anonymous_3)","decl":{"start":{"line":57,"column":53},"end":{"line":57,"column":62}},"loc":{"start":{"line":58,"column":4},"end":{"line":58,"column":73}}},"4":{"name":"(anonymous_4)","decl":{"start":{"line":64,"column":53},"end":{"line":64,"column":null}},"loc":{"start":{"line":66,"column":12},"end":{"line":68,"column":3}}},"5":{"name":"(anonymous_5)","decl":{"start":{"line":77,"column":27},"end":{"line":77,"column":null}},"loc":{"start":{"line":81,"column":23},"end":{"line":102,"column":3}}},"6":{"name":"(anonymous_6)","decl":{"start":{"line":84,"column":6},"end":{"line":84,"column":7}},"loc":{"start":{"line":84,"column":39},"end":{"line":84,"column":62}}},"7":{"name":"(anonymous_7)","decl":{"start":{"line":92,"column":32},"end":{"line":92,"column":33}},"loc":{"start":{"line":92,"column":78},"end":{"line":95,"column":5}}},"8":{"name":"(anonymous_8)","decl":{"start":{"line":110,"column":32},"end":{"line":110,"column":null}},"loc":{"start":{"line":114,"column":15},"end":{"line":122,"column":3}}},"9":{"name":"(anonymous_9)","decl":{"start":{"line":132,"column":41},"end":{"line":132,"column":null}},"loc":{"start":{"line":134,"column":15},"end":{"line":149,"column":3}}},"10":{"name":"(anonymous_10)","decl":{"start":{"line":141,"column":6},"end":{"line":141,"column":7}},"loc":{"start":{"line":141,"column":46},"end":{"line":143,"column":7}}},"11":{"name":"(anonymous_11)","decl":{"start":{"line":157,"column":44},"end":{"line":157,"column":null}},"loc":{"start":{"line":161,"column":15},"end":{"line":170,"column":3}}},"12":{"name":"(anonymous_12)","decl":{"start":{"line":178,"column":44},"end":{"line":178,"column":45}},"loc":{"start":{"line":178,"column":58},"end":{"line":183,"column":3}}},"13":{"name":"(anonymous_13)","decl":{"start":{"line":178,"column":58},"end":{"line":178,"column":null}},"loc":{"start":{"line":180,"column":12},"end":{"line":183,"column":3}}},"14":{"name":"(anonymous_14)","decl":{"start":{"line":192,"column":48},"end":{"line":192,"column":null}},"loc":{"start":{"line":195,"column":7},"end":{"line":199,"column":3}}},"15":{"name":"(anonymous_15)","decl":{"start":{"line":195,"column":7},"end":{"line":195,"column":8}},"loc":{"start":{"line":195,"column":31},"end":{"line":199,"column":3}}},"16":{"name":"(anonymous_16)","decl":{"start":{"line":208,"column":38},"end":{"line":208,"column":null}},"loc":{"start":{"line":211,"column":15},"end":{"line":223,"column":3}}},"17":{"name":"(anonymous_17)","decl":{"start":{"line":213,"column":6},"end":{"line":213,"column":7}},"loc":{"start":{"line":213,"column":50},"end":{"line":216,"column":7}}},"18":{"name":"(anonymous_18)","decl":{"start":{"line":230,"column":40},"end":{"line":230,"column":null}},"loc":{"start":{"line":233,"column":16},"end":{"line":239,"column":3}}},"19":{"name":"(anonymous_19)","decl":{"start":{"line":246,"column":32},"end":{"line":246,"column":null}},"loc":{"start":{"line":249,"column":14},"end":{"line":255,"column":3}}},"20":{"name":"(anonymous_20)","decl":{"start":{"line":264,"column":42},"end":{"line":264,"column":null}},"loc":{"start":{"line":267,"column":15},"end":{"line":273,"column":3}}},"21":{"name":"(anonymous_21)","decl":{"start":{"line":276,"column":19},"end":{"line":276,"column":20}},"loc":{"start":{"line":276,"column":55},"end":{"line":284,"column":3}}},"22":{"name":"(anonymous_22)","decl":{"start":{"line":278,"column":6},"end":{"line":278,"column":7}},"loc":{"start":{"line":278,"column":38},"end":{"line":280,"column":7}}},"23":{"name":"(anonymous_23)","decl":{"start":{"line":287,"column":35},"end":{"line":287,"column":36}},"loc":{"start":{"line":287,"column":72},"end":{"line":295,"column":3}}},"24":{"name":"(anonymous_24)","decl":{"start":{"line":289,"column":6},"end":{"line":289,"column":7}},"loc":{"start":{"line":289,"column":39},"end":{"line":291,"column":7}}},"25":{"name":"(anonymous_25)","decl":{"start":{"line":301,"column":12},"end":{"line":301,"column":15}},"loc":{"start":{"line":301,"column":17},"end":{"line":304,"column":3}}}},"branchMap":{"0":{"loc":{"start":{"line":82,"column":31},"end":{"line":82,"column":36}},"type":"cond-expr","locations":[{"start":{"line":82,"column":31},"end":{"line":82,"column":36}},{"start":{"line":82,"column":40},"end":{"line":82,"column":48}}]},"1":{"loc":{"start":{"line":94,"column":20},"end":{"line":94,"column":23}},"type":"cond-expr","locations":[{"start":{"line":94,"column":20},"end":{"line":94,"column":23}},{"start":{"line":94,"column":26},"end":{"line":94,"column":61}}]},"2":{"loc":{"start":{"line":99,"column":38},"end":{"line":99,"column":40}},"type":"cond-expr","locations":[{"start":{"line":99,"column":38},"end":{"line":99,"column":40}},{"start":{"line":99,"column":43},"end":{"line":99,"column":49}}]},"3":{"loc":{"start":{"line":115,"column":4},"end":{"line":120,"column":null}},"type":"if","locations":[{"start":{"line":115,"column":4},"end":{"line":120,"column":null}},{"start":{"line":115,"column":4},"end":{"line":120,"column":null}}]},"4":{"loc":{"start":{"line":162,"column":4},"end":{"line":168,"column":null}},"type":"if","locations":[{"start":{"line":162,"column":4},"end":{"line":168,"column":null}},{"start":{"line":162,"column":4},"end":{"line":168,"column":null}}]},"5":{"loc":{"start":{"line":164,"column":6},"end":{"line":166,"column":null}},"type":"if","locations":[{"start":{"line":164,"column":6},"end":{"line":166,"column":null}},{"start":{"line":164,"column":6},"end":{"line":166,"column":null}}]},"6":{"loc":{"start":{"line":210,"column":25},"end":{"line":210,"column":69}},"type":"default-arg","locations":[{"start":{"line":210,"column":25},"end":{"line":210,"column":69}}]},"7":{"loc":{"start":{"line":232,"column":30},"end":{"line":232,"column":45}},"type":"default-arg","locations":[{"start":{"line":232,"column":30},"end":{"line":232,"column":45}}]},"8":{"loc":{"start":{"line":234,"column":4},"end":{"line":237,"column":null}},"type":"if","locations":[{"start":{"line":234,"column":4},"end":{"line":237,"column":null}},{"start":{"line":234,"column":4},"end":{"line":237,"column":null}}]},"9":{"loc":{"start":{"line":248,"column":30},"end":{"line":248,"column":45}},"type":"default-arg","locations":[{"start":{"line":248,"column":30},"end":{"line":248,"column":45}}]},"10":{"loc":{"start":{"line":250,"column":4},"end":{"line":253,"column":null}},"type":"if","locations":[{"start":{"line":250,"column":4},"end":{"line":253,"column":null}},{"start":{"line":250,"column":4},"end":{"line":253,"column":null}}]},"11":{"loc":{"start":{"line":252,"column":27},"end":{"line":252,"column":38}},"type":"cond-expr","locations":[{"start":{"line":252,"column":27},"end":{"line":252,"column":38}},{"start":{"line":252,"column":41},"end":{"line":252,"column":43}}]},"12":{"loc":{"start":{"line":266,"column":30},"end":{"line":266,"column":45}},"type":"default-arg","locations":[{"start":{"line":266,"column":30},"end":{"line":266,"column":45}}]},"13":{"loc":{"start":{"line":268,"column":4},"end":{"line":271,"column":null}},"type":"if","locations":[{"start":{"line":268,"column":4},"end":{"line":271,"column":null}},{"start":{"line":268,"column":4},"end":{"line":271,"column":null}}]},"14":{"loc":{"start":{"line":279,"column":21},"end":{"line":279,"column":49}},"type":"cond-expr","locations":[{"start":{"line":279,"column":21},"end":{"line":279,"column":49}},{"start":{"line":279,"column":52},"end":{"line":279,"column":55}}]},"15":{"loc":{"start":{"line":290,"column":32},"end":{"line":290,"column":66}},"type":"cond-expr","locations":[{"start":{"line":290,"column":32},"end":{"line":290,"column":66}},{"start":{"line":290,"column":69},"end":{"line":290,"column":72}}]}},"s":{"0":1,"1":1,"2":1,"3":1,"4":146,"5":147,"6":298,"7":146,"8":146,"9":146,"10":146,"11":1,"12":146,"13":1,"14":146,"15":49,"16":49,"17":107,"18":49,"19":49,"20":49,"21":107,"22":107,"23":49,"24":146,"25":16,"26":15,"27":15,"28":15,"29":15,"30":1,"31":146,"32":6,"33":6,"34":10,"35":6,"36":6,"37":146,"38":5,"39":4,"40":4,"41":2,"42":4,"43":1,"44":146,"45":2,"46":1,"47":1,"48":146,"49":2,"50":1,"51":1,"52":1,"53":146,"54":10,"55":20,"56":20,"57":10,"58":10,"59":10,"60":146,"61":3,"62":2,"63":2,"64":1,"65":146,"66":176,"67":175,"68":175,"69":1,"70":146,"71":3,"72":2,"73":2,"74":1,"75":146,"76":89,"77":176,"78":146,"79":73,"80":146,"81":146,"82":146,"83":146,"84":73,"85":73,"86":146},"f":{"0":146,"1":147,"2":298,"3":1,"4":1,"5":49,"6":107,"7":107,"8":16,"9":6,"10":10,"11":5,"12":2,"13":1,"14":2,"15":1,"16":10,"17":20,"18":3,"19":176,"20":3,"21":89,"22":176,"23":73,"24":146,"25":73},"b":{"0":[44,5],"1":[81,26],"2":[23,26],"3":[15,1],"4":[4,1],"5":[2,2],"6":[9],"7":[3],"8":[2,1],"9":[176],"10":[175,1],"11":[51,124],"12":[3],"13":[2,1],"14":[152,24],"15":[24,122]}}
,"/home/pb1337/source/repos/de-formed-validations/src/validations/validation.ts": {"path":"/home/pb1337/source/repos/de-formed-validations/src/validations/validation.ts","statementMap":{"0":{"start":{"line":18,"column":0},"end":{"line":18,"column":67}},"1":{"start":{"line":19,"column":0},"end":{"line":19,"column":52}},"2":{"start":{"line":51,"column":10},"end":{"line":65,"column":4}},"3":{"start":{"line":54,"column":4},"end":{"line":64,"column":6}},"4":{"start":{"line":55,"column":48},"end":{"line":61,"column":8}},"5":{"start":{"line":70,"column":9},"end":{"line":72,"column":4}},"6":{"start":{"line":71,"column":4},"end":{"line":71,"column":80}},"7":{"start":{"line":79,"column":9},"end":{"line":83,"column":4}},"8":{"start":{"line":82,"column":4},"end":{"line":82,"column":47}},"9":{"start":{"line":85,"column":10},"end":{"line":95,"column":4}},"10":{"start":{"line":86,"column":17},"end":{"line":86,"column":35}},"11":{"start":{"line":87,"column":18},"end":{"line":92,"column":null}},"12":{"start":{"line":89,"column":8},"end":{"line":89,"column":75}},"13":{"start":{"line":94,"column":4},"end":{"line":94,"column":17}},"14":{"start":{"line":104,"column":10},"end":{"line":129,"column":4}},"15":{"start":{"line":109,"column":23},"end":{"line":109,"column":48}},"16":{"start":{"line":110,"column":25},"end":{"line":112,"column":null}},"17":{"start":{"line":111,"column":39},"end":{"line":111,"column":62}},"18":{"start":{"line":114,"column":29},"end":{"line":116,"column":null}},"19":{"start":{"line":118,"column":41},"end":{"line":118,"column":51}},"20":{"start":{"line":119,"column":19},"end":{"line":122,"column":10}},"21":{"start":{"line":120,"column":22},"end":{"line":120,"column":78}},"22":{"start":{"line":121,"column":6},"end":{"line":121,"column":68}},"23":{"start":{"line":123,"column":4},"end":{"line":128,"column":6}},"24":{"start":{"line":136,"column":9},"end":{"line":142,"column":4}},"25":{"start":{"line":137,"column":4},"end":{"line":140,"column":null}},"26":{"start":{"line":138,"column":18},"end":{"line":138,"column":63}},"27":{"start":{"line":139,"column":6},"end":{"line":139,"column":74}},"28":{"start":{"line":141,"column":4},"end":{"line":141,"column":14}},"29":{"start":{"line":149,"column":9},"end":{"line":155,"column":4}},"30":{"start":{"line":150,"column":4},"end":{"line":153,"column":null}},"31":{"start":{"line":151,"column":18},"end":{"line":151,"column":57}},"32":{"start":{"line":152,"column":6},"end":{"line":152,"column":40}},"33":{"start":{"line":154,"column":4},"end":{"line":154,"column":14}},"34":{"start":{"line":164,"column":9},"end":{"line":172,"column":4}},"35":{"start":{"line":168,"column":4},"end":{"line":170,"column":null}},"36":{"start":{"line":169,"column":6},"end":{"line":169,"column":47}},"37":{"start":{"line":171,"column":4},"end":{"line":171,"column":16}},"38":{"start":{"line":180,"column":9},"end":{"line":194,"column":4}},"39":{"start":{"line":185,"column":4},"end":{"line":192,"column":null}},"40":{"start":{"line":186,"column":26},"end":{"line":186,"column":71}},"41":{"start":{"line":187,"column":6},"end":{"line":190,"column":8}},"42":{"start":{"line":191,"column":6},"end":{"line":191,"column":52}},"43":{"start":{"line":193,"column":4},"end":{"line":193,"column":16}},"44":{"start":{"line":203,"column":9},"end":{"line":217,"column":4}},"45":{"start":{"line":207,"column":21},"end":{"line":213,"column":null}},"46":{"start":{"line":209,"column":18},"end":{"line":209,"column":79}},"47":{"start":{"line":210,"column":8},"end":{"line":210,"column":32}},"48":{"start":{"line":215,"column":4},"end":{"line":215,"column":37}},"49":{"start":{"line":216,"column":4},"end":{"line":216,"column":35}},"50":{"start":{"line":227,"column":9},"end":{"line":247,"column":4}},"51":{"start":{"line":230,"column":16},"end":{"line":234,"column":6}},"52":{"start":{"line":235,"column":18},"end":{"line":243,"column":null}},"53":{"start":{"line":237,"column":8},"end":{"line":240,"column":10}},"54":{"start":{"line":245,"column":4},"end":{"line":245,"column":34}},"55":{"start":{"line":246,"column":4},"end":{"line":246,"column":32}},"56":{"start":{"line":255,"column":9},"end":{"line":269,"column":4}},"57":{"start":{"line":260,"column":4},"end":{"line":267,"column":null}},"58":{"start":{"line":261,"column":26},"end":{"line":261,"column":71}},"59":{"start":{"line":262,"column":6},"end":{"line":265,"column":null}},"60":{"start":{"line":263,"column":24},"end":{"line":263,"column":68}},"61":{"start":{"line":264,"column":8},"end":{"line":264,"column":40}},"62":{"start":{"line":266,"column":6},"end":{"line":266,"column":52}},"63":{"start":{"line":268,"column":4},"end":{"line":268,"column":16}},"64":{"start":{"line":277,"column":9},"end":{"line":282,"column":4}},"65":{"start":{"line":278,"column":4},"end":{"line":281,"column":6}},"66":{"start":{"line":279,"column":30},"end":{"line":279,"column":42}},"67":{"start":{"line":280,"column":6},"end":{"line":280,"column":40}},"68":{"start":{"line":291,"column":9},"end":{"line":300,"column":4}},"69":{"start":{"line":295,"column":4},"end":{"line":299,"column":6}},"70":{"start":{"line":296,"column":30},"end":{"line":296,"column":42}},"71":{"start":{"line":297,"column":6},"end":{"line":297,"column":46}},"72":{"start":{"line":298,"column":6},"end":{"line":298,"column":29}},"73":{"start":{"line":47,"column":4},"end":{"line":47,"column":35}},"74":{"start":{"line":48,"column":4},"end":{"line":48,"column":63}},"75":{"start":{"line":26,"column":4},"end":{"line":26,"column":48}},"76":{"start":{"line":30,"column":18},"end":{"line":30,"column":52}},"77":{"start":{"line":31,"column":19},"end":{"line":37,"column":null}},"78":{"start":{"line":33,"column":20},"end":{"line":33,"column":39}},"79":{"start":{"line":34,"column":8},"end":{"line":34,"column":41}},"80":{"start":{"line":39,"column":4},"end":{"line":39,"column":18}},"81":{"start":{"line":43,"column":4},"end":{"line":43,"column":33}},"82":{"start":{"line":21,"column":0},"end":{"line":21,"column":13}}},"fnMap":{"0":{"name":"(anonymous_0)","decl":{"start":{"line":46,"column":2},"end":{"line":46,"column":14}},"loc":{"start":{"line":46,"column":40},"end":{"line":49,"column":3}}},"1":{"name":"(anonymous_1)","decl":{"start":{"line":51,"column":35},"end":{"line":51,"column":null}},"loc":{"start":{"line":53,"column":23},"end":{"line":65,"column":3}}},"2":{"name":"(anonymous_2)","decl":{"start":{"line":55,"column":6},"end":{"line":55,"column":7}},"loc":{"start":{"line":55,"column":48},"end":{"line":61,"column":8}}},"3":{"name":"(anonymous_3)","decl":{"start":{"line":70,"column":54},"end":{"line":70,"column":63}},"loc":{"start":{"line":70,"column":65},"end":{"line":72,"column":3}}},"4":{"name":"(anonymous_4)","decl":{"start":{"line":79,"column":54},"end":{"line":79,"column":null}},"loc":{"start":{"line":81,"column":12},"end":{"line":83,"column":3}}},"5":{"name":"(anonymous_5)","decl":{"start":{"line":85,"column":21},"end":{"line":85,"column":22}},"loc":{"start":{"line":85,"column":57},"end":{"line":95,"column":3}}},"6":{"name":"(anonymous_6)","decl":{"start":{"line":88,"column":6},"end":{"line":88,"column":7}},"loc":{"start":{"line":88,"column":40},"end":{"line":90,"column":7}}},"7":{"name":"(anonymous_7)","decl":{"start":{"line":104,"column":29},"end":{"line":104,"column":null}},"loc":{"start":{"line":108,"column":23},"end":{"line":129,"column":3}}},"8":{"name":"(anonymous_8)","decl":{"start":{"line":111,"column":6},"end":{"line":111,"column":7}},"loc":{"start":{"line":111,"column":39},"end":{"line":111,"column":62}}},"9":{"name":"(anonymous_9)","decl":{"start":{"line":119,"column":32},"end":{"line":119,"column":33}},"loc":{"start":{"line":119,"column":78},"end":{"line":122,"column":5}}},"10":{"name":"(anonymous_10)","decl":{"start":{"line":136,"column":33},"end":{"line":136,"column":34}},"loc":{"start":{"line":136,"column":63},"end":{"line":142,"column":3}}},"11":{"name":"(anonymous_11)","decl":{"start":{"line":149,"column":41},"end":{"line":149,"column":42}},"loc":{"start":{"line":149,"column":73},"end":{"line":155,"column":3}}},"12":{"name":"(anonymous_12)","decl":{"start":{"line":164,"column":43},"end":{"line":164,"column":null}},"loc":{"start":{"line":167,"column":15},"end":{"line":172,"column":3}}},"13":{"name":"(anonymous_13)","decl":{"start":{"line":180,"column":33},"end":{"line":180,"column":null}},"loc":{"start":{"line":184,"column":15},"end":{"line":194,"column":3}}},"14":{"name":"(anonymous_14)","decl":{"start":{"line":203,"column":39},"end":{"line":203,"column":null}},"loc":{"start":{"line":206,"column":15},"end":{"line":217,"column":3}}},"15":{"name":"(anonymous_15)","decl":{"start":{"line":208,"column":6},"end":{"line":208,"column":7}},"loc":{"start":{"line":208,"column":50},"end":{"line":211,"column":7}}},"16":{"name":"(anonymous_16)","decl":{"start":{"line":227,"column":42},"end":{"line":227,"column":null}},"loc":{"start":{"line":229,"column":15},"end":{"line":247,"column":3}}},"17":{"name":"(anonymous_17)","decl":{"start":{"line":236,"column":6},"end":{"line":236,"column":7}},"loc":{"start":{"line":236,"column":46},"end":{"line":241,"column":7}}},"18":{"name":"(anonymous_18)","decl":{"start":{"line":255,"column":45},"end":{"line":255,"column":null}},"loc":{"start":{"line":259,"column":15},"end":{"line":269,"column":3}}},"19":{"name":"(anonymous_19)","decl":{"start":{"line":277,"column":45},"end":{"line":277,"column":46}},"loc":{"start":{"line":277,"column":58},"end":{"line":282,"column":3}}},"20":{"name":"(anonymous_20)","decl":{"start":{"line":278,"column":11},"end":{"line":278,"column":12}},"loc":{"start":{"line":278,"column":26},"end":{"line":281,"column":5}}},"21":{"name":"(anonymous_21)","decl":{"start":{"line":291,"column":49},"end":{"line":291,"column":null}},"loc":{"start":{"line":294,"column":6},"end":{"line":300,"column":3}}},"22":{"name":"(anonymous_22)","decl":{"start":{"line":295,"column":11},"end":{"line":295,"column":12}},"loc":{"start":{"line":295,"column":26},"end":{"line":299,"column":5}}},"23":{"name":"(anonymous_23)","decl":{"start":{"line":25,"column":2},"end":{"line":25,"column":13}},"loc":{"start":{"line":25,"column":20},"end":{"line":27,"column":3}}},"24":{"name":"(anonymous_24)","decl":{"start":{"line":29,"column":2},"end":{"line":29,"column":13}},"loc":{"start":{"line":29,"column":29},"end":{"line":40,"column":3}}},"25":{"name":"(anonymous_25)","decl":{"start":{"line":32,"column":6},"end":{"line":32,"column":7}},"loc":{"start":{"line":32,"column":39},"end":{"line":35,"column":7}}},"26":{"name":"(anonymous_26)","decl":{"start":{"line":42,"column":2},"end":{"line":42,"column":13}},"loc":{"start":{"line":42,"column":28},"end":{"line":44,"column":3}}}},"branchMap":{"0":{"loc":{"start":{"line":89,"column":21},"end":{"line":89,"column":68}},"type":"cond-expr","locations":[{"start":{"line":89,"column":21},"end":{"line":89,"column":68}},{"start":{"line":89,"column":71},"end":{"line":89,"column":74}}]},"1":{"loc":{"start":{"line":109,"column":31},"end":{"line":109,"column":36}},"type":"cond-expr","locations":[{"start":{"line":109,"column":31},"end":{"line":109,"column":36}},{"start":{"line":109,"column":40},"end":{"line":109,"column":48}}]},"2":{"loc":{"start":{"line":121,"column":20},"end":{"line":121,"column":23}},"type":"cond-expr","locations":[{"start":{"line":121,"column":20},"end":{"line":121,"column":23}},{"start":{"line":121,"column":26},"end":{"line":121,"column":67}}]},"3":{"loc":{"start":{"line":126,"column":38},"end":{"line":126,"column":40}},"type":"cond-expr","locations":[{"start":{"line":126,"column":38},"end":{"line":126,"column":40}},{"start":{"line":126,"column":43},"end":{"line":126,"column":49}}]},"4":{"loc":{"start":{"line":137,"column":4},"end":{"line":140,"column":null}},"type":"if","locations":[{"start":{"line":137,"column":4},"end":{"line":140,"column":null}},{"start":{"line":137,"column":4},"end":{"line":140,"column":null}}]},"5":{"loc":{"start":{"line":139,"column":42},"end":{"line":139,"column":68}},"type":"cond-expr","locations":[{"start":{"line":139,"column":42},"end":{"line":139,"column":68}},{"start":{"line":139,"column":71},"end":{"line":139,"column":73}}]},"6":{"loc":{"start":{"line":150,"column":4},"end":{"line":153,"column":null}},"type":"if","locations":[{"start":{"line":150,"column":4},"end":{"line":153,"column":null}},{"start":{"line":150,"column":4},"end":{"line":153,"column":null}}]},"7":{"loc":{"start":{"line":166,"column":30},"end":{"line":166,"column":51}},"type":"default-arg","locations":[{"start":{"line":166,"column":30},"end":{"line":166,"column":51}}]},"8":{"loc":{"start":{"line":168,"column":4},"end":{"line":170,"column":null}},"type":"if","locations":[{"start":{"line":168,"column":4},"end":{"line":170,"column":null}},{"start":{"line":168,"column":4},"end":{"line":170,"column":null}}]},"9":{"loc":{"start":{"line":185,"column":4},"end":{"line":192,"column":null}},"type":"if","locations":[{"start":{"line":185,"column":4},"end":{"line":192,"column":null}},{"start":{"line":185,"column":4},"end":{"line":192,"column":null}}]},"10":{"loc":{"start":{"line":205,"column":25},"end":{"line":205,"column":75}},"type":"default-arg","locations":[{"start":{"line":205,"column":25},"end":{"line":205,"column":75}}]},"11":{"loc":{"start":{"line":260,"column":4},"end":{"line":267,"column":null}},"type":"if","locations":[{"start":{"line":260,"column":4},"end":{"line":267,"column":null}},{"start":{"line":260,"column":4},"end":{"line":267,"column":null}}]},"12":{"loc":{"start":{"line":262,"column":6},"end":{"line":265,"column":null}},"type":"if","locations":[{"start":{"line":262,"column":6},"end":{"line":265,"column":null}},{"start":{"line":262,"column":6},"end":{"line":265,"column":null}}]},"13":{"loc":{"start":{"line":34,"column":21},"end":{"line":34,"column":34}},"type":"cond-expr","locations":[{"start":{"line":34,"column":21},"end":{"line":34,"column":34}},{"start":{"line":34,"column":37},"end":{"line":34,"column":40}}]}},"s":{"0":1,"1":1,"2":40,"3":41,"4":82,"5":40,"6":1,"7":40,"8":1,"9":40,"10":29,"11":29,"12":56,"13":29,"14":40,"15":42,"16":42,"17":90,"18":42,"19":42,"20":42,"21":90,"22":90,"23":42,"24":40,"25":13,"26":12,"27":12,"28":1,"29":40,"30":3,"31":2,"32":2,"33":1,"34":40,"35":3,"36":2,"37":1,"38":40,"39":12,"40":11,"41":11,"42":11,"43":1,"44":40,"45":9,"46":18,"47":18,"48":9,"49":9,"50":40,"51":5,"52":5,"53":9,"54":5,"55":5,"56":40,"57":5,"58":4,"59":4,"60":2,"61":2,"62":4,"63":1,"64":40,"65":2,"66":1,"67":1,"68":40,"69":2,"70":1,"71":1,"72":1,"73":40,"74":40,"75":15,"76":5,"77":5,"78":10,"79":10,"80":5,"81":8,"82":1},"f":{"0":40,"1":41,"2":82,"3":1,"4":1,"5":29,"6":56,"7":42,"8":90,"9":90,"10":13,"11":3,"12":3,"13":12,"14":9,"15":18,"16":5,"17":9,"18":5,"19":2,"20":1,"21":2,"22":1,"23":15,"24":5,"25":10,"26":8},"b":{"0":[41,15],"1":[38,4],"2":[64,26],"3":[16,26],"4":[12,1],"5":[5,7],"6":[2,1],"7":[3],"8":[2,1],"9":[11,1],"10":[9],"11":[4,1],"12":[2,2],"13":[4,6]}}
}
