{"/home/pb1337/source/repos/de-formed-validations/src/utilities.ts": {"path":"/home/pb1337/source/repos/de-formed-validations/src/utilities.ts","statementMap":{"0":{"start":{"line":1,"column":0},"end":{"line":1,"column":31}},"1":{"start":{"line":10,"column":16},"end":{"line":10,"column":25}},"2":{"start":{"line":12,"column":2},"end":{"line":18,"column":4}},"3":{"start":{"line":13,"column":4},"end":{"line":15,"column":null}},"4":{"start":{"line":14,"column":6},"end":{"line":14,"column":40}},"5":{"start":{"line":17,"column":4},"end":{"line":17,"column":34}},"6":{"start":{"line":24,"column":13},"end":{"line":25,"column":65}},"7":{"start":{"line":24,"column":50},"end":{"line":25,"column":64}},"8":{"start":{"line":25,"column":2},"end":{"line":25,"column":64}},"9":{"start":{"line":25,"column":31},"end":{"line":25,"column":54}},"10":{"start":{"line":30,"column":13},"end":{"line":30,"column":79}},"11":{"start":{"line":30,"column":52},"end":{"line":30,"column":76}},"12":{"start":{"line":32,"column":21},"end":{"line":34,"column":1}},"13":{"start":{"line":33,"column":2},"end":{"line":33,"column":31}},"14":{"start":{"line":39,"column":13},"end":{"line":39,"column":46}},"15":{"start":{"line":45,"column":2},"end":{"line":45,"column":63}},"16":{"start":{"line":41,"column":0},"end":{"line":41,"column":16}}},"fnMap":{"0":{"name":"curry","decl":{"start":{"line":9,"column":9},"end":{"line":9,"column":14}},"loc":{"start":{"line":9,"column":30},"end":{"line":19,"column":1}}},"1":{"name":"$curry","decl":{"start":{"line":12,"column":18},"end":{"line":12,"column":24}},"loc":{"start":{"line":12,"column":39},"end":{"line":18,"column":3}}},"2":{"name":"(anonymous_2)","decl":{"start":{"line":24,"column":23},"end":{"line":24,"column":24}},"loc":{"start":{"line":24,"column":50},"end":{"line":25,"column":64}}},"3":{"name":"(anonymous_3)","decl":{"start":{"line":24,"column":50},"end":{"line":24,"column":51}},"loc":{"start":{"line":25,"column":2},"end":{"line":25,"column":64}}},"4":{"name":"(anonymous_4)","decl":{"start":{"line":25,"column":18},"end":{"line":25,"column":19}},"loc":{"start":{"line":25,"column":31},"end":{"line":25,"column":54}}},"5":{"name":"(anonymous_5)","decl":{"start":{"line":30,"column":26},"end":{"line":30,"column":27}},"loc":{"start":{"line":30,"column":52},"end":{"line":30,"column":76}}},"6":{"name":"(anonymous_6)","decl":{"start":{"line":32,"column":21},"end":{"line":32,"column":22}},"loc":{"start":{"line":32,"column":56},"end":{"line":34,"column":1}}},"7":{"name":"isPropertyValid","decl":{"start":{"line":41,"column":16},"end":{"line":41,"column":31}},"loc":{"start":{"line":43,"column":30},"end":{"line":46,"column":1}}}},"branchMap":{"0":{"loc":{"start":{"line":13,"column":4},"end":{"line":15,"column":null}},"type":"if","locations":[{"start":{"line":13,"column":4},"end":{"line":15,"column":null}},{"start":{"line":13,"column":4},"end":{"line":15,"column":null}}]},"1":{"loc":{"start":{"line":30,"column":58},"end":{"line":30,"column":64}},"type":"cond-expr","locations":[{"start":{"line":30,"column":58},"end":{"line":30,"column":64}},{"start":{"line":30,"column":67},"end":{"line":30,"column":76}}]},"2":{"loc":{"start":{"line":33,"column":19},"end":{"line":33,"column":22}},"type":"cond-expr","locations":[{"start":{"line":33,"column":19},"end":{"line":33,"column":22}},{"start":{"line":33,"column":25},"end":{"line":33,"column":30}}]}},"s":{"0":3,"1":3,"2":3,"3":2989,"4":1529,"5":1460,"6":3,"7":697,"8":711,"9":1702,"10":3,"11":1460,"12":3,"13":192,"14":3,"15":232,"16":3},"f":{"0":3,"1":2989,"2":697,"3":711,"4":1702,"5":1460,"6":192,"7":232},"b":{"0":[1529,1460],"1":[1458,2],"2":[142,50]}}
,"/home/pb1337/source/repos/de-formed-validations/src/validations/useValidation.ts": {"path":"/home/pb1337/source/repos/de-formed-validations/src/validations/useValidation.ts","statementMap":{"0":{"start":{"line":1,"column":0},"end":{"line":1,"column":70}},"1":{"start":{"line":8,"column":0},"end":{"line":8,"column":67}},"2":{"start":{"line":9,"column":0},"end":{"line":9,"column":64}},"3":{"start":{"line":17,"column":13},"end":{"line":298,"column":2}},"4":{"start":{"line":19,"column":33},"end":{"line":31,"column":3}},"5":{"start":{"line":20,"column":4},"end":{"line":30,"column":6}},"6":{"start":{"line":21,"column":47},"end":{"line":27,"column":8}},"7":{"start":{"line":34,"column":32},"end":{"line":34,"column":55}},"8":{"start":{"line":35,"column":48},"end":{"line":36,"column":null}},"9":{"start":{"line":38,"column":49},"end":{"line":38,"column":71}},"10":{"start":{"line":43,"column":31},"end":{"line":44,"column":73}},"11":{"start":{"line":44,"column":4},"end":{"line":44,"column":73}},"12":{"start":{"line":51,"column":31},"end":{"line":53,"column":3}},"13":{"start":{"line":52,"column":4},"end":{"line":52,"column":43}},"14":{"start":{"line":62,"column":27},"end":{"line":90,"column":3}},"15":{"start":{"line":63,"column":23},"end":{"line":63,"column":46}},"16":{"start":{"line":64,"column":25},"end":{"line":66,"column":null}},"17":{"start":{"line":65,"column":39},"end":{"line":65,"column":62}},"18":{"start":{"line":68,"column":29},"end":{"line":70,"column":null}},"19":{"start":{"line":72,"column":41},"end":{"line":72,"column":51}},"20":{"start":{"line":73,"column":19},"end":{"line":83,"column":10}},"21":{"start":{"line":74,"column":22},"end":{"line":77,"column":null}},"22":{"start":{"line":79,"column":6},"end":{"line":81,"column":47}},"23":{"start":{"line":84,"column":4},"end":{"line":89,"column":6}},"24":{"start":{"line":98,"column":19},"end":{"line":106,"column":3}},"25":{"start":{"line":99,"column":4},"end":{"line":104,"column":null}},"26":{"start":{"line":100,"column":26},"end":{"line":100,"column":66}},"27":{"start":{"line":101,"column":22},"end":{"line":101,"column":62}},"28":{"start":{"line":102,"column":6},"end":{"line":102,"column":34}},"29":{"start":{"line":103,"column":6},"end":{"line":103,"column":52}},"30":{"start":{"line":105,"column":4},"end":{"line":105,"column":16}},"31":{"start":{"line":116,"column":25},"end":{"line":131,"column":3}},"32":{"start":{"line":117,"column":16},"end":{"line":121,"column":6}},"33":{"start":{"line":122,"column":18},"end":{"line":127,"column":null}},"34":{"start":{"line":124,"column":8},"end":{"line":124,"column":45}},"35":{"start":{"line":129,"column":4},"end":{"line":129,"column":30}},"36":{"start":{"line":130,"column":4},"end":{"line":130,"column":27}},"37":{"start":{"line":139,"column":25},"end":{"line":148,"column":3}},"38":{"start":{"line":140,"column":4},"end":{"line":146,"column":null}},"39":{"start":{"line":141,"column":26},"end":{"line":141,"column":66}},"40":{"start":{"line":142,"column":6},"end":{"line":144,"column":null}},"41":{"start":{"line":143,"column":8},"end":{"line":143,"column":69}},"42":{"start":{"line":145,"column":6},"end":{"line":145,"column":52}},"43":{"start":{"line":147,"column":4},"end":{"line":147,"column":16}},"44":{"start":{"line":155,"column":25},"end":{"line":160,"column":3}},"45":{"start":{"line":155,"column":39},"end":{"line":160,"column":3}},"46":{"start":{"line":158,"column":28},"end":{"line":158,"column":40}},"47":{"start":{"line":159,"column":4},"end":{"line":159,"column":44}},"48":{"start":{"line":169,"column":27},"end":{"line":175,"column":3}},"49":{"start":{"line":169,"column":72},"end":{"line":175,"column":3}},"50":{"start":{"line":172,"column":28},"end":{"line":172,"column":40}},"51":{"start":{"line":173,"column":4},"end":{"line":173,"column":50}},"52":{"start":{"line":174,"column":4},"end":{"line":174,"column":27}},"53":{"start":{"line":184,"column":22},"end":{"line":199,"column":3}},"54":{"start":{"line":188,"column":21},"end":{"line":194,"column":null}},"55":{"start":{"line":190,"column":18},"end":{"line":190,"column":74}},"56":{"start":{"line":191,"column":8},"end":{"line":191,"column":34}},"57":{"start":{"line":196,"column":20},"end":{"line":196,"column":57}},"58":{"start":{"line":197,"column":4},"end":{"line":197,"column":32}},"59":{"start":{"line":198,"column":4},"end":{"line":198,"column":30}},"60":{"start":{"line":206,"column":19},"end":{"line":215,"column":3}},"61":{"start":{"line":210,"column":4},"end":{"line":213,"column":null}},"62":{"start":{"line":211,"column":18},"end":{"line":211,"column":63}},"63":{"start":{"line":212,"column":6},"end":{"line":212,"column":46}},"64":{"start":{"line":214,"column":4},"end":{"line":214,"column":16}},"65":{"start":{"line":222,"column":23},"end":{"line":231,"column":3}},"66":{"start":{"line":226,"column":4},"end":{"line":229,"column":null}},"67":{"start":{"line":227,"column":18},"end":{"line":227,"column":57}},"68":{"start":{"line":228,"column":6},"end":{"line":228,"column":25}},"69":{"start":{"line":230,"column":4},"end":{"line":230,"column":14}},"70":{"start":{"line":240,"column":24},"end":{"line":249,"column":3}},"71":{"start":{"line":244,"column":4},"end":{"line":247,"column":null}},"72":{"start":{"line":245,"column":18},"end":{"line":245,"column":58}},"73":{"start":{"line":246,"column":6},"end":{"line":246,"column":25}},"74":{"start":{"line":248,"column":4},"end":{"line":248,"column":16}},"75":{"start":{"line":252,"column":19},"end":{"line":260,"column":3}},"76":{"start":{"line":253,"column":4},"end":{"line":259,"column":6}},"77":{"start":{"line":255,"column":8},"end":{"line":255,"column":56}},"78":{"start":{"line":263,"column":35},"end":{"line":271,"column":3}},"79":{"start":{"line":264,"column":4},"end":{"line":270,"column":6}},"80":{"start":{"line":266,"column":8},"end":{"line":266,"column":73}},"81":{"start":{"line":274,"column":24},"end":{"line":274,"column":64}},"82":{"start":{"line":275,"column":23},"end":{"line":275,"column":79}},"83":{"start":{"line":277,"column":2},"end":{"line":280,"column":39}},"84":{"start":{"line":278,"column":4},"end":{"line":278,"column":47}},"85":{"start":{"line":279,"column":4},"end":{"line":279,"column":54}},"86":{"start":{"line":282,"column":2},"end":{"line":297,"column":4}}},"fnMap":{"0":{"name":"(anonymous_0)","decl":{"start":{"line":17,"column":29},"end":{"line":17,"column":33}},"loc":{"start":{"line":17,"column":74},"end":{"line":298,"column":1}}},"1":{"name":"(anonymous_1)","decl":{"start":{"line":19,"column":33},"end":{"line":19,"column":34}},"loc":{"start":{"line":19,"column":65},"end":{"line":31,"column":3}}},"2":{"name":"(anonymous_2)","decl":{"start":{"line":21,"column":6},"end":{"line":21,"column":7}},"loc":{"start":{"line":21,"column":47},"end":{"line":27,"column":8}}},"3":{"name":"(anonymous_3)","decl":{"start":{"line":43,"column":31},"end":{"line":43,"column":40}},"loc":{"start":{"line":44,"column":4},"end":{"line":44,"column":73}}},"4":{"name":"(anonymous_4)","decl":{"start":{"line":51,"column":31},"end":{"line":51,"column":32}},"loc":{"start":{"line":51,"column":77},"end":{"line":53,"column":3}}},"5":{"name":"(anonymous_5)","decl":{"start":{"line":62,"column":27},"end":{"line":62,"column":28}},"loc":{"start":{"line":62,"column":72},"end":{"line":90,"column":3}}},"6":{"name":"(anonymous_6)","decl":{"start":{"line":65,"column":6},"end":{"line":65,"column":7}},"loc":{"start":{"line":65,"column":39},"end":{"line":65,"column":62}}},"7":{"name":"(anonymous_7)","decl":{"start":{"line":73,"column":32},"end":{"line":73,"column":33}},"loc":{"start":{"line":73,"column":78},"end":{"line":83,"column":5}}},"8":{"name":"(anonymous_8)","decl":{"start":{"line":98,"column":19},"end":{"line":98,"column":20}},"loc":{"start":{"line":98,"column":68},"end":{"line":106,"column":3}}},"9":{"name":"(anonymous_9)","decl":{"start":{"line":116,"column":25},"end":{"line":116,"column":26}},"loc":{"start":{"line":116,"column":67},"end":{"line":131,"column":3}}},"10":{"name":"(anonymous_10)","decl":{"start":{"line":123,"column":6},"end":{"line":123,"column":7}},"loc":{"start":{"line":123,"column":46},"end":{"line":125,"column":7}}},"11":{"name":"(anonymous_11)","decl":{"start":{"line":139,"column":25},"end":{"line":139,"column":26}},"loc":{"start":{"line":139,"column":74},"end":{"line":148,"column":3}}},"12":{"name":"(anonymous_12)","decl":{"start":{"line":155,"column":25},"end":{"line":155,"column":26}},"loc":{"start":{"line":155,"column":39},"end":{"line":160,"column":3}}},"13":{"name":"(anonymous_13)","decl":{"start":{"line":155,"column":39},"end":{"line":155,"column":null}},"loc":{"start":{"line":157,"column":6},"end":{"line":160,"column":3}}},"14":{"name":"(anonymous_14)","decl":{"start":{"line":169,"column":27},"end":{"line":169,"column":28}},"loc":{"start":{"line":169,"column":72},"end":{"line":175,"column":3}}},"15":{"name":"(anonymous_15)","decl":{"start":{"line":169,"column":72},"end":{"line":169,"column":null}},"loc":{"start":{"line":171,"column":6},"end":{"line":175,"column":3}}},"16":{"name":"(anonymous_16)","decl":{"start":{"line":184,"column":22},"end":{"line":184,"column":null}},"loc":{"start":{"line":187,"column":6},"end":{"line":199,"column":3}}},"17":{"name":"(anonymous_17)","decl":{"start":{"line":189,"column":6},"end":{"line":189,"column":7}},"loc":{"start":{"line":189,"column":50},"end":{"line":192,"column":7}}},"18":{"name":"(anonymous_18)","decl":{"start":{"line":206,"column":19},"end":{"line":206,"column":null}},"loc":{"start":{"line":209,"column":21},"end":{"line":215,"column":3}}},"19":{"name":"(anonymous_19)","decl":{"start":{"line":222,"column":23},"end":{"line":222,"column":null}},"loc":{"start":{"line":225,"column":16},"end":{"line":231,"column":3}}},"20":{"name":"(anonymous_20)","decl":{"start":{"line":240,"column":24},"end":{"line":240,"column":null}},"loc":{"start":{"line":243,"column":6},"end":{"line":249,"column":3}}},"21":{"name":"(anonymous_21)","decl":{"start":{"line":252,"column":19},"end":{"line":252,"column":20}},"loc":{"start":{"line":252,"column":46},"end":{"line":260,"column":3}}},"22":{"name":"(anonymous_22)","decl":{"start":{"line":254,"column":6},"end":{"line":254,"column":7}},"loc":{"start":{"line":254,"column":38},"end":{"line":256,"column":7}}},"23":{"name":"(anonymous_23)","decl":{"start":{"line":263,"column":35},"end":{"line":263,"column":36}},"loc":{"start":{"line":263,"column":62},"end":{"line":271,"column":3}}},"24":{"name":"(anonymous_24)","decl":{"start":{"line":265,"column":6},"end":{"line":265,"column":7}},"loc":{"start":{"line":265,"column":39},"end":{"line":267,"column":7}}},"25":{"name":"(anonymous_25)","decl":{"start":{"line":277,"column":12},"end":{"line":277,"column":15}},"loc":{"start":{"line":277,"column":17},"end":{"line":280,"column":3}}}},"branchMap":{"0":{"loc":{"start":{"line":63,"column":31},"end":{"line":63,"column":36}},"type":"cond-expr","locations":[{"start":{"line":63,"column":31},"end":{"line":63,"column":36}},{"start":{"line":63,"column":39},"end":{"line":63,"column":46}}]},"1":{"loc":{"start":{"line":80,"column":10},"end":{"line":80,"column":13}},"type":"cond-expr","locations":[{"start":{"line":80,"column":10},"end":{"line":80,"column":13}},{"start":{"line":81,"column":10},"end":{"line":81,"column":46}}]},"2":{"loc":{"start":{"line":87,"column":38},"end":{"line":87,"column":40}},"type":"cond-expr","locations":[{"start":{"line":87,"column":38},"end":{"line":87,"column":40}},{"start":{"line":87,"column":43},"end":{"line":87,"column":49}}]},"3":{"loc":{"start":{"line":99,"column":4},"end":{"line":104,"column":null}},"type":"if","locations":[{"start":{"line":99,"column":4},"end":{"line":104,"column":null}},{"start":{"line":99,"column":4},"end":{"line":104,"column":null}}]},"4":{"loc":{"start":{"line":140,"column":4},"end":{"line":146,"column":null}},"type":"if","locations":[{"start":{"line":140,"column":4},"end":{"line":146,"column":null}},{"start":{"line":140,"column":4},"end":{"line":146,"column":null}}]},"5":{"loc":{"start":{"line":142,"column":6},"end":{"line":144,"column":null}},"type":"if","locations":[{"start":{"line":142,"column":6},"end":{"line":144,"column":null}},{"start":{"line":142,"column":6},"end":{"line":144,"column":null}}]},"6":{"loc":{"start":{"line":186,"column":25},"end":{"line":186,"column":69}},"type":"default-arg","locations":[{"start":{"line":186,"column":25},"end":{"line":186,"column":69}}]},"7":{"loc":{"start":{"line":208,"column":30},"end":{"line":208,"column":45}},"type":"default-arg","locations":[{"start":{"line":208,"column":30},"end":{"line":208,"column":45}}]},"8":{"loc":{"start":{"line":210,"column":4},"end":{"line":213,"column":null}},"type":"if","locations":[{"start":{"line":210,"column":4},"end":{"line":213,"column":null}},{"start":{"line":210,"column":4},"end":{"line":213,"column":null}}]},"9":{"loc":{"start":{"line":212,"column":27},"end":{"line":212,"column":38}},"type":"cond-expr","locations":[{"start":{"line":212,"column":27},"end":{"line":212,"column":38}},{"start":{"line":212,"column":41},"end":{"line":212,"column":45}}]},"10":{"loc":{"start":{"line":224,"column":30},"end":{"line":224,"column":45}},"type":"default-arg","locations":[{"start":{"line":224,"column":30},"end":{"line":224,"column":45}}]},"11":{"loc":{"start":{"line":226,"column":4},"end":{"line":229,"column":null}},"type":"if","locations":[{"start":{"line":226,"column":4},"end":{"line":229,"column":null}},{"start":{"line":226,"column":4},"end":{"line":229,"column":null}}]},"12":{"loc":{"start":{"line":242,"column":30},"end":{"line":242,"column":45}},"type":"default-arg","locations":[{"start":{"line":242,"column":30},"end":{"line":242,"column":45}}]},"13":{"loc":{"start":{"line":244,"column":4},"end":{"line":247,"column":null}},"type":"if","locations":[{"start":{"line":244,"column":4},"end":{"line":247,"column":null}},{"start":{"line":244,"column":4},"end":{"line":247,"column":null}}]},"14":{"loc":{"start":{"line":255,"column":21},"end":{"line":255,"column":49}},"type":"cond-expr","locations":[{"start":{"line":255,"column":21},"end":{"line":255,"column":49}},{"start":{"line":255,"column":52},"end":{"line":255,"column":55}}]},"15":{"loc":{"start":{"line":266,"column":32},"end":{"line":266,"column":66}},"type":"cond-expr","locations":[{"start":{"line":266,"column":32},"end":{"line":266,"column":66}},{"start":{"line":266,"column":69},"end":{"line":266,"column":72}}]}},"s":{"0":1,"1":1,"2":1,"3":1,"4":142,"5":143,"6":286,"7":142,"8":142,"9":142,"10":142,"11":1,"12":142,"13":1,"14":142,"15":46,"16":46,"17":102,"18":46,"19":46,"20":46,"21":102,"22":102,"23":46,"24":142,"25":16,"26":15,"27":15,"28":15,"29":15,"30":1,"31":142,"32":6,"33":6,"34":10,"35":6,"36":6,"37":142,"38":5,"39":4,"40":4,"41":2,"42":4,"43":1,"44":142,"45":2,"46":1,"47":1,"48":142,"49":2,"50":1,"51":1,"52":1,"53":142,"54":9,"55":17,"56":17,"57":9,"58":9,"59":9,"60":142,"61":167,"62":166,"63":166,"64":1,"65":142,"66":3,"67":2,"68":2,"69":1,"70":142,"71":3,"72":2,"73":2,"74":1,"75":142,"76":86,"77":167,"78":142,"79":71,"80":140,"81":142,"82":142,"83":142,"84":71,"85":71,"86":142},"f":{"0":142,"1":143,"2":286,"3":1,"4":1,"5":46,"6":102,"7":102,"8":16,"9":6,"10":10,"11":5,"12":2,"13":1,"14":2,"15":1,"16":9,"17":17,"18":167,"19":3,"20":3,"21":86,"22":167,"23":71,"24":140,"25":71},"b":{"0":[41,5],"1":[78,24],"2":[22,24],"3":[15,1],"4":[4,1],"5":[2,2],"6":[8],"7":[167],"8":[166,1],"9":[47,119],"10":[3],"11":[2,1],"12":[3],"13":[2,1],"14":[147,20],"15":[22,118]}}
,"/home/pb1337/source/repos/de-formed-validations/src/validations/validation.ts": {"path":"/home/pb1337/source/repos/de-formed-validations/src/validations/validation.ts","statementMap":{"0":{"start":{"line":7,"column":0},"end":{"line":7,"column":67}},"1":{"start":{"line":8,"column":0},"end":{"line":8,"column":52}},"2":{"start":{"line":40,"column":10},"end":{"line":52,"column":4}},"3":{"start":{"line":41,"column":4},"end":{"line":51,"column":6}},"4":{"start":{"line":42,"column":48},"end":{"line":48,"column":8}},"5":{"start":{"line":57,"column":9},"end":{"line":59,"column":4}},"6":{"start":{"line":58,"column":4},"end":{"line":58,"column":80}},"7":{"start":{"line":66,"column":9},"end":{"line":68,"column":4}},"8":{"start":{"line":67,"column":4},"end":{"line":67,"column":47}},"9":{"start":{"line":70,"column":10},"end":{"line":80,"column":4}},"10":{"start":{"line":71,"column":17},"end":{"line":71,"column":35}},"11":{"start":{"line":72,"column":18},"end":{"line":77,"column":null}},"12":{"start":{"line":74,"column":8},"end":{"line":74,"column":75}},"13":{"start":{"line":79,"column":4},"end":{"line":79,"column":17}},"14":{"start":{"line":89,"column":10},"end":{"line":117,"column":4}},"15":{"start":{"line":90,"column":23},"end":{"line":90,"column":46}},"16":{"start":{"line":91,"column":25},"end":{"line":93,"column":null}},"17":{"start":{"line":92,"column":39},"end":{"line":92,"column":62}},"18":{"start":{"line":95,"column":29},"end":{"line":97,"column":null}},"19":{"start":{"line":99,"column":41},"end":{"line":99,"column":51}},"20":{"start":{"line":100,"column":19},"end":{"line":110,"column":10}},"21":{"start":{"line":101,"column":22},"end":{"line":104,"column":null}},"22":{"start":{"line":106,"column":6},"end":{"line":108,"column":53}},"23":{"start":{"line":111,"column":4},"end":{"line":116,"column":6}},"24":{"start":{"line":124,"column":9},"end":{"line":130,"column":4}},"25":{"start":{"line":125,"column":4},"end":{"line":128,"column":null}},"26":{"start":{"line":126,"column":18},"end":{"line":126,"column":63}},"27":{"start":{"line":127,"column":6},"end":{"line":127,"column":76}},"28":{"start":{"line":129,"column":4},"end":{"line":129,"column":16}},"29":{"start":{"line":137,"column":9},"end":{"line":143,"column":4}},"30":{"start":{"line":138,"column":4},"end":{"line":141,"column":null}},"31":{"start":{"line":139,"column":18},"end":{"line":139,"column":57}},"32":{"start":{"line":140,"column":6},"end":{"line":140,"column":40}},"33":{"start":{"line":142,"column":4},"end":{"line":142,"column":14}},"34":{"start":{"line":152,"column":9},"end":{"line":160,"column":4}},"35":{"start":{"line":156,"column":4},"end":{"line":158,"column":null}},"36":{"start":{"line":157,"column":6},"end":{"line":157,"column":47}},"37":{"start":{"line":159,"column":4},"end":{"line":159,"column":16}},"38":{"start":{"line":168,"column":9},"end":{"line":178,"column":4}},"39":{"start":{"line":169,"column":4},"end":{"line":176,"column":null}},"40":{"start":{"line":170,"column":26},"end":{"line":170,"column":71}},"41":{"start":{"line":171,"column":6},"end":{"line":174,"column":8}},"42":{"start":{"line":175,"column":6},"end":{"line":175,"column":52}},"43":{"start":{"line":177,"column":4},"end":{"line":177,"column":16}},"44":{"start":{"line":187,"column":9},"end":{"line":201,"column":4}},"45":{"start":{"line":191,"column":21},"end":{"line":197,"column":null}},"46":{"start":{"line":193,"column":18},"end":{"line":193,"column":79}},"47":{"start":{"line":194,"column":8},"end":{"line":194,"column":32}},"48":{"start":{"line":199,"column":4},"end":{"line":199,"column":37}},"49":{"start":{"line":200,"column":4},"end":{"line":200,"column":35}},"50":{"start":{"line":211,"column":9},"end":{"line":229,"column":4}},"51":{"start":{"line":212,"column":16},"end":{"line":216,"column":6}},"52":{"start":{"line":217,"column":18},"end":{"line":225,"column":null}},"53":{"start":{"line":219,"column":8},"end":{"line":222,"column":10}},"54":{"start":{"line":227,"column":4},"end":{"line":227,"column":34}},"55":{"start":{"line":228,"column":4},"end":{"line":228,"column":32}},"56":{"start":{"line":237,"column":9},"end":{"line":247,"column":4}},"57":{"start":{"line":238,"column":4},"end":{"line":245,"column":null}},"58":{"start":{"line":239,"column":26},"end":{"line":239,"column":71}},"59":{"start":{"line":240,"column":6},"end":{"line":243,"column":null}},"60":{"start":{"line":241,"column":24},"end":{"line":241,"column":68}},"61":{"start":{"line":242,"column":8},"end":{"line":242,"column":40}},"62":{"start":{"line":244,"column":6},"end":{"line":244,"column":52}},"63":{"start":{"line":246,"column":4},"end":{"line":246,"column":16}},"64":{"start":{"line":255,"column":9},"end":{"line":260,"column":4}},"65":{"start":{"line":256,"column":4},"end":{"line":259,"column":6}},"66":{"start":{"line":257,"column":30},"end":{"line":257,"column":42}},"67":{"start":{"line":258,"column":6},"end":{"line":258,"column":40}},"68":{"start":{"line":269,"column":9},"end":{"line":275,"column":4}},"69":{"start":{"line":270,"column":4},"end":{"line":274,"column":6}},"70":{"start":{"line":271,"column":30},"end":{"line":271,"column":42}},"71":{"start":{"line":272,"column":6},"end":{"line":272,"column":46}},"72":{"start":{"line":273,"column":6},"end":{"line":273,"column":29}},"73":{"start":{"line":36,"column":4},"end":{"line":36,"column":35}},"74":{"start":{"line":37,"column":4},"end":{"line":37,"column":63}},"75":{"start":{"line":15,"column":4},"end":{"line":15,"column":48}},"76":{"start":{"line":19,"column":18},"end":{"line":19,"column":52}},"77":{"start":{"line":20,"column":19},"end":{"line":26,"column":null}},"78":{"start":{"line":22,"column":20},"end":{"line":22,"column":39}},"79":{"start":{"line":23,"column":8},"end":{"line":23,"column":41}},"80":{"start":{"line":28,"column":4},"end":{"line":28,"column":18}},"81":{"start":{"line":32,"column":4},"end":{"line":32,"column":33}},"82":{"start":{"line":10,"column":0},"end":{"line":10,"column":13}}},"fnMap":{"0":{"name":"(anonymous_0)","decl":{"start":{"line":35,"column":2},"end":{"line":35,"column":14}},"loc":{"start":{"line":35,"column":40},"end":{"line":38,"column":3}}},"1":{"name":"(anonymous_1)","decl":{"start":{"line":40,"column":35},"end":{"line":40,"column":36}},"loc":{"start":{"line":40,"column":67},"end":{"line":52,"column":3}}},"2":{"name":"(anonymous_2)","decl":{"start":{"line":42,"column":6},"end":{"line":42,"column":7}},"loc":{"start":{"line":42,"column":48},"end":{"line":48,"column":8}}},"3":{"name":"(anonymous_3)","decl":{"start":{"line":57,"column":32},"end":{"line":57,"column":41}},"loc":{"start":{"line":57,"column":43},"end":{"line":59,"column":3}}},"4":{"name":"(anonymous_4)","decl":{"start":{"line":66,"column":32},"end":{"line":66,"column":33}},"loc":{"start":{"line":66,"column":78},"end":{"line":68,"column":3}}},"5":{"name":"(anonymous_5)","decl":{"start":{"line":70,"column":21},"end":{"line":70,"column":22}},"loc":{"start":{"line":70,"column":48},"end":{"line":80,"column":3}}},"6":{"name":"(anonymous_6)","decl":{"start":{"line":73,"column":6},"end":{"line":73,"column":7}},"loc":{"start":{"line":73,"column":40},"end":{"line":75,"column":7}}},"7":{"name":"(anonymous_7)","decl":{"start":{"line":89,"column":29},"end":{"line":89,"column":30}},"loc":{"start":{"line":89,"column":78},"end":{"line":117,"column":3}}},"8":{"name":"(anonymous_8)","decl":{"start":{"line":92,"column":6},"end":{"line":92,"column":7}},"loc":{"start":{"line":92,"column":39},"end":{"line":92,"column":62}}},"9":{"name":"(anonymous_9)","decl":{"start":{"line":100,"column":32},"end":{"line":100,"column":33}},"loc":{"start":{"line":100,"column":78},"end":{"line":110,"column":5}}},"10":{"name":"(anonymous_10)","decl":{"start":{"line":124,"column":20},"end":{"line":124,"column":21}},"loc":{"start":{"line":124,"column":57},"end":{"line":130,"column":3}}},"11":{"name":"(anonymous_11)","decl":{"start":{"line":137,"column":24},"end":{"line":137,"column":25}},"loc":{"start":{"line":137,"column":56},"end":{"line":143,"column":3}}},"12":{"name":"(anonymous_12)","decl":{"start":{"line":152,"column":25},"end":{"line":152,"column":null}},"loc":{"start":{"line":155,"column":6},"end":{"line":160,"column":3}}},"13":{"name":"(anonymous_13)","decl":{"start":{"line":168,"column":20},"end":{"line":168,"column":21}},"loc":{"start":{"line":168,"column":69},"end":{"line":178,"column":3}}},"14":{"name":"(anonymous_14)","decl":{"start":{"line":187,"column":23},"end":{"line":187,"column":null}},"loc":{"start":{"line":190,"column":6},"end":{"line":201,"column":3}}},"15":{"name":"(anonymous_15)","decl":{"start":{"line":192,"column":6},"end":{"line":192,"column":7}},"loc":{"start":{"line":192,"column":50},"end":{"line":195,"column":7}}},"16":{"name":"(anonymous_16)","decl":{"start":{"line":211,"column":26},"end":{"line":211,"column":27}},"loc":{"start":{"line":211,"column":68},"end":{"line":229,"column":3}}},"17":{"name":"(anonymous_17)","decl":{"start":{"line":218,"column":6},"end":{"line":218,"column":7}},"loc":{"start":{"line":218,"column":46},"end":{"line":223,"column":7}}},"18":{"name":"(anonymous_18)","decl":{"start":{"line":237,"column":26},"end":{"line":237,"column":27}},"loc":{"start":{"line":237,"column":75},"end":{"line":247,"column":3}}},"19":{"name":"(anonymous_19)","decl":{"start":{"line":255,"column":26},"end":{"line":255,"column":27}},"loc":{"start":{"line":255,"column":39},"end":{"line":260,"column":3}}},"20":{"name":"(anonymous_20)","decl":{"start":{"line":256,"column":11},"end":{"line":256,"column":12}},"loc":{"start":{"line":256,"column":26},"end":{"line":259,"column":5}}},"21":{"name":"(anonymous_21)","decl":{"start":{"line":269,"column":28},"end":{"line":269,"column":29}},"loc":{"start":{"line":269,"column":72},"end":{"line":275,"column":3}}},"22":{"name":"(anonymous_22)","decl":{"start":{"line":270,"column":11},"end":{"line":270,"column":12}},"loc":{"start":{"line":270,"column":26},"end":{"line":274,"column":5}}},"23":{"name":"(anonymous_23)","decl":{"start":{"line":14,"column":2},"end":{"line":14,"column":13}},"loc":{"start":{"line":14,"column":20},"end":{"line":16,"column":3}}},"24":{"name":"(anonymous_24)","decl":{"start":{"line":18,"column":2},"end":{"line":18,"column":13}},"loc":{"start":{"line":18,"column":29},"end":{"line":29,"column":3}}},"25":{"name":"(anonymous_25)","decl":{"start":{"line":21,"column":6},"end":{"line":21,"column":7}},"loc":{"start":{"line":21,"column":39},"end":{"line":24,"column":7}}},"26":{"name":"(anonymous_26)","decl":{"start":{"line":31,"column":2},"end":{"line":31,"column":13}},"loc":{"start":{"line":31,"column":28},"end":{"line":33,"column":3}}}},"branchMap":{"0":{"loc":{"start":{"line":74,"column":21},"end":{"line":74,"column":68}},"type":"cond-expr","locations":[{"start":{"line":74,"column":21},"end":{"line":74,"column":68}},{"start":{"line":74,"column":71},"end":{"line":74,"column":74}}]},"1":{"loc":{"start":{"line":90,"column":31},"end":{"line":90,"column":36}},"type":"cond-expr","locations":[{"start":{"line":90,"column":31},"end":{"line":90,"column":36}},{"start":{"line":90,"column":39},"end":{"line":90,"column":46}}]},"2":{"loc":{"start":{"line":107,"column":10},"end":{"line":107,"column":13}},"type":"cond-expr","locations":[{"start":{"line":107,"column":10},"end":{"line":107,"column":13}},{"start":{"line":108,"column":10},"end":{"line":108,"column":52}}]},"3":{"loc":{"start":{"line":114,"column":38},"end":{"line":114,"column":40}},"type":"cond-expr","locations":[{"start":{"line":114,"column":38},"end":{"line":114,"column":40}},{"start":{"line":114,"column":43},"end":{"line":114,"column":49}}]},"4":{"loc":{"start":{"line":125,"column":4},"end":{"line":128,"column":null}},"type":"if","locations":[{"start":{"line":125,"column":4},"end":{"line":128,"column":null}},{"start":{"line":125,"column":4},"end":{"line":128,"column":null}}]},"5":{"loc":{"start":{"line":127,"column":42},"end":{"line":127,"column":68}},"type":"cond-expr","locations":[{"start":{"line":127,"column":42},"end":{"line":127,"column":68}},{"start":{"line":127,"column":71},"end":{"line":127,"column":75}}]},"6":{"loc":{"start":{"line":138,"column":4},"end":{"line":141,"column":null}},"type":"if","locations":[{"start":{"line":138,"column":4},"end":{"line":141,"column":null}},{"start":{"line":138,"column":4},"end":{"line":141,"column":null}}]},"7":{"loc":{"start":{"line":154,"column":30},"end":{"line":154,"column":51}},"type":"default-arg","locations":[{"start":{"line":154,"column":30},"end":{"line":154,"column":51}}]},"8":{"loc":{"start":{"line":156,"column":4},"end":{"line":158,"column":null}},"type":"if","locations":[{"start":{"line":156,"column":4},"end":{"line":158,"column":null}},{"start":{"line":156,"column":4},"end":{"line":158,"column":null}}]},"9":{"loc":{"start":{"line":169,"column":4},"end":{"line":176,"column":null}},"type":"if","locations":[{"start":{"line":169,"column":4},"end":{"line":176,"column":null}},{"start":{"line":169,"column":4},"end":{"line":176,"column":null}}]},"10":{"loc":{"start":{"line":189,"column":25},"end":{"line":189,"column":75}},"type":"default-arg","locations":[{"start":{"line":189,"column":25},"end":{"line":189,"column":75}}]},"11":{"loc":{"start":{"line":238,"column":4},"end":{"line":245,"column":null}},"type":"if","locations":[{"start":{"line":238,"column":4},"end":{"line":245,"column":null}},{"start":{"line":238,"column":4},"end":{"line":245,"column":null}}]},"12":{"loc":{"start":{"line":240,"column":6},"end":{"line":243,"column":null}},"type":"if","locations":[{"start":{"line":240,"column":6},"end":{"line":243,"column":null}},{"start":{"line":240,"column":6},"end":{"line":243,"column":null}}]},"13":{"loc":{"start":{"line":23,"column":21},"end":{"line":23,"column":34}},"type":"cond-expr","locations":[{"start":{"line":23,"column":21},"end":{"line":23,"column":34}},{"start":{"line":23,"column":37},"end":{"line":23,"column":40}}]}},"s":{"0":1,"1":1,"2":40,"3":41,"4":82,"5":40,"6":1,"7":40,"8":1,"9":40,"10":29,"11":29,"12":56,"13":29,"14":40,"15":42,"16":42,"17":90,"18":42,"19":42,"20":42,"21":90,"22":90,"23":42,"24":40,"25":13,"26":12,"27":12,"28":1,"29":40,"30":3,"31":2,"32":2,"33":1,"34":40,"35":3,"36":2,"37":1,"38":40,"39":12,"40":11,"41":11,"42":11,"43":1,"44":40,"45":9,"46":18,"47":18,"48":9,"49":9,"50":40,"51":5,"52":5,"53":9,"54":5,"55":5,"56":40,"57":5,"58":4,"59":4,"60":2,"61":2,"62":4,"63":1,"64":40,"65":2,"66":1,"67":1,"68":40,"69":2,"70":1,"71":1,"72":1,"73":40,"74":40,"75":15,"76":5,"77":5,"78":10,"79":10,"80":5,"81":8,"82":1},"f":{"0":40,"1":41,"2":82,"3":1,"4":1,"5":29,"6":56,"7":42,"8":90,"9":90,"10":13,"11":3,"12":3,"13":12,"14":9,"15":18,"16":5,"17":9,"18":5,"19":2,"20":1,"21":2,"22":1,"23":15,"24":5,"25":10,"26":8},"b":{"0":[41,15],"1":[38,4],"2":[64,26],"3":[16,26],"4":[12,1],"5":[5,7],"6":[2,1],"7":[3],"8":[2,1],"9":[11,1],"10":[9],"11":[4,1],"12":[2,2],"13":[4,6]}}
}
