TN:
SF:src/utilities.ts
FN:9,curry
FN:12,$curry
FN:24,(anonymous_2)
FN:24,(anonymous_3)
FN:25,(anonymous_4)
FN:30,(anonymous_5)
FN:32,(anonymous_6)
FN:41,isPropertyValid
FNF:8
FNH:8
FNDA:3,curry
FNDA:2989,$curry
FNDA:697,(anonymous_2)
FNDA:711,(anonymous_3)
FNDA:1702,(anonymous_4)
FNDA:1460,(anonymous_5)
FNDA:192,(anonymous_6)
FNDA:232,isPropertyValid
DA:1,3
DA:10,3
DA:12,3
DA:13,2989
DA:14,1529
DA:17,1460
DA:24,697
DA:25,1702
DA:30,1460
DA:32,3
DA:33,192
DA:39,3
DA:41,3
DA:45,232
LF:14
LH:14
BRDA:13,0,0,1529
BRDA:13,0,1,1460
BRDA:30,1,0,1458
BRDA:30,1,1,2
BRDA:33,2,0,142
BRDA:33,2,1,50
BRF:6
BRH:6
end_of_record
TN:
SF:src/validations/useValidation.ts
FN:17,(anonymous_0)
FN:19,(anonymous_1)
FN:21,(anonymous_2)
FN:43,(anonymous_3)
FN:51,(anonymous_4)
FN:62,(anonymous_5)
FN:65,(anonymous_6)
FN:73,(anonymous_7)
FN:98,(anonymous_8)
FN:116,(anonymous_9)
FN:123,(anonymous_10)
FN:139,(anonymous_11)
FN:155,(anonymous_12)
FN:155,(anonymous_13)
FN:169,(anonymous_14)
FN:169,(anonymous_15)
FN:184,(anonymous_16)
FN:189,(anonymous_17)
FN:206,(anonymous_18)
FN:222,(anonymous_19)
FN:240,(anonymous_20)
FN:252,(anonymous_21)
FN:254,(anonymous_22)
FN:263,(anonymous_23)
FN:265,(anonymous_24)
FN:277,(anonymous_25)
FNF:26
FNH:26
FNDA:142,(anonymous_0)
FNDA:143,(anonymous_1)
FNDA:286,(anonymous_2)
FNDA:1,(anonymous_3)
FNDA:1,(anonymous_4)
FNDA:46,(anonymous_5)
FNDA:102,(anonymous_6)
FNDA:102,(anonymous_7)
FNDA:16,(anonymous_8)
FNDA:6,(anonymous_9)
FNDA:10,(anonymous_10)
FNDA:5,(anonymous_11)
FNDA:2,(anonymous_12)
FNDA:1,(anonymous_13)
FNDA:2,(anonymous_14)
FNDA:1,(anonymous_15)
FNDA:9,(anonymous_16)
FNDA:17,(anonymous_17)
FNDA:167,(anonymous_18)
FNDA:3,(anonymous_19)
FNDA:3,(anonymous_20)
FNDA:86,(anonymous_21)
FNDA:167,(anonymous_22)
FNDA:71,(anonymous_23)
FNDA:140,(anonymous_24)
FNDA:71,(anonymous_25)
DA:1,1
DA:8,1
DA:9,1
DA:17,1
DA:19,142
DA:20,143
DA:21,286
DA:34,142
DA:35,142
DA:38,142
DA:43,142
DA:44,1
DA:51,142
DA:52,1
DA:62,142
DA:63,46
DA:64,46
DA:65,102
DA:68,46
DA:72,46
DA:73,46
DA:74,102
DA:79,102
DA:84,46
DA:98,142
DA:99,16
DA:100,15
DA:101,15
DA:102,15
DA:103,15
DA:105,1
DA:116,142
DA:117,6
DA:122,6
DA:124,10
DA:129,6
DA:130,6
DA:139,142
DA:140,5
DA:141,4
DA:142,4
DA:143,2
DA:145,4
DA:147,1
DA:155,142
DA:158,1
DA:159,1
DA:169,142
DA:172,1
DA:173,1
DA:174,1
DA:184,142
DA:188,9
DA:190,17
DA:191,17
DA:196,9
DA:197,9
DA:198,9
DA:206,142
DA:210,167
DA:211,166
DA:212,166
DA:214,1
DA:222,142
DA:226,3
DA:227,2
DA:228,2
DA:230,1
DA:240,142
DA:244,3
DA:245,2
DA:246,2
DA:248,1
DA:252,142
DA:253,86
DA:255,167
DA:263,142
DA:264,71
DA:266,140
DA:274,142
DA:275,142
DA:277,142
DA:278,71
DA:279,71
DA:282,142
LF:85
LH:85
BRDA:63,0,0,41
BRDA:63,0,1,5
BRDA:80,1,0,78
BRDA:80,1,1,24
BRDA:87,2,0,22
BRDA:87,2,1,24
BRDA:99,3,0,15
BRDA:99,3,1,1
BRDA:140,4,0,4
BRDA:140,4,1,1
BRDA:142,5,0,2
BRDA:142,5,1,2
BRDA:186,6,0,8
BRDA:208,7,0,167
BRDA:210,8,0,166
BRDA:210,8,1,1
BRDA:212,9,0,47
BRDA:212,9,1,119
BRDA:224,10,0,3
BRDA:226,11,0,2
BRDA:226,11,1,1
BRDA:242,12,0,3
BRDA:244,13,0,2
BRDA:244,13,1,1
BRDA:255,14,0,147
BRDA:255,14,1,20
BRDA:266,15,0,22
BRDA:266,15,1,118
BRF:28
BRH:28
end_of_record
TN:
SF:src/validations/validation.ts
FN:35,(anonymous_0)
FN:40,(anonymous_1)
FN:42,(anonymous_2)
FN:57,(anonymous_3)
FN:66,(anonymous_4)
FN:70,(anonymous_5)
FN:73,(anonymous_6)
FN:89,(anonymous_7)
FN:92,(anonymous_8)
FN:100,(anonymous_9)
FN:124,(anonymous_10)
FN:137,(anonymous_11)
FN:152,(anonymous_12)
FN:168,(anonymous_13)
FN:187,(anonymous_14)
FN:192,(anonymous_15)
FN:211,(anonymous_16)
FN:218,(anonymous_17)
FN:237,(anonymous_18)
FN:255,(anonymous_19)
FN:256,(anonymous_20)
FN:269,(anonymous_21)
FN:270,(anonymous_22)
FN:14,(anonymous_23)
FN:18,(anonymous_24)
FN:21,(anonymous_25)
FN:31,(anonymous_26)
FNF:27
FNH:27
FNDA:40,(anonymous_0)
FNDA:41,(anonymous_1)
FNDA:82,(anonymous_2)
FNDA:1,(anonymous_3)
FNDA:1,(anonymous_4)
FNDA:29,(anonymous_5)
FNDA:56,(anonymous_6)
FNDA:42,(anonymous_7)
FNDA:90,(anonymous_8)
FNDA:90,(anonymous_9)
FNDA:13,(anonymous_10)
FNDA:3,(anonymous_11)
FNDA:3,(anonymous_12)
FNDA:12,(anonymous_13)
FNDA:9,(anonymous_14)
FNDA:18,(anonymous_15)
FNDA:5,(anonymous_16)
FNDA:9,(anonymous_17)
FNDA:5,(anonymous_18)
FNDA:2,(anonymous_19)
FNDA:1,(anonymous_20)
FNDA:2,(anonymous_21)
FNDA:1,(anonymous_22)
FNDA:15,(anonymous_23)
FNDA:5,(anonymous_24)
FNDA:10,(anonymous_25)
FNDA:8,(anonymous_26)
DA:7,1
DA:8,1
DA:10,1
DA:15,15
DA:19,5
DA:20,5
DA:22,10
DA:23,10
DA:28,5
DA:32,8
DA:36,40
DA:37,40
DA:40,40
DA:41,41
DA:42,82
DA:57,40
DA:58,1
DA:66,40
DA:67,1
DA:70,40
DA:71,29
DA:72,29
DA:74,56
DA:79,29
DA:89,40
DA:90,42
DA:91,42
DA:92,90
DA:95,42
DA:99,42
DA:100,42
DA:101,90
DA:106,90
DA:111,42
DA:124,40
DA:125,13
DA:126,12
DA:127,12
DA:129,1
DA:137,40
DA:138,3
DA:139,2
DA:140,2
DA:142,1
DA:152,40
DA:156,3
DA:157,2
DA:159,1
DA:168,40
DA:169,12
DA:170,11
DA:171,11
DA:175,11
DA:177,1
DA:187,40
DA:191,9
DA:193,18
DA:194,18
DA:199,9
DA:200,9
DA:211,40
DA:212,5
DA:217,5
DA:219,9
DA:227,5
DA:228,5
DA:237,40
DA:238,5
DA:239,4
DA:240,4
DA:241,2
DA:242,2
DA:244,4
DA:246,1
DA:255,40
DA:256,2
DA:257,1
DA:258,1
DA:269,40
DA:270,2
DA:271,1
DA:272,1
DA:273,1
LF:83
LH:83
BRDA:74,0,0,41
BRDA:74,0,1,15
BRDA:90,1,0,38
BRDA:90,1,1,4
BRDA:107,2,0,64
BRDA:107,2,1,26
BRDA:114,3,0,16
BRDA:114,3,1,26
BRDA:125,4,0,12
BRDA:125,4,1,1
BRDA:127,5,0,5
BRDA:127,5,1,7
BRDA:138,6,0,2
BRDA:138,6,1,1
BRDA:154,7,0,3
BRDA:156,8,0,2
BRDA:156,8,1,1
BRDA:169,9,0,11
BRDA:169,9,1,1
BRDA:189,10,0,9
BRDA:238,11,0,4
BRDA:238,11,1,1
BRDA:240,12,0,2
BRDA:240,12,1,2
BRDA:23,13,0,4
BRDA:23,13,1,6
BRF:26
BRH:26
end_of_record
