TN:
SF:src/utilities.ts
FN:9,curry
FN:12,$curry
FN:24,(anonymous_2)
FN:24,(anonymous_3)
FN:25,(anonymous_4)
FN:30,(anonymous_5)
FN:32,(anonymous_6)
FN:41,isPropertyValid
FNF:8
FNH:8
FNDA:3,curry
FNDA:2989,$curry
FNDA:697,(anonymous_2)
FNDA:711,(anonymous_3)
FNDA:1702,(anonymous_4)
FNDA:1460,(anonymous_5)
FNDA:192,(anonymous_6)
FNDA:232,isPropertyValid
DA:1,3
DA:10,3
DA:12,3
DA:13,2989
DA:14,1529
DA:17,1460
DA:24,697
DA:25,1702
DA:30,1460
DA:32,3
DA:33,192
DA:39,3
DA:41,3
DA:45,232
LF:14
LH:14
BRDA:13,0,0,1529
BRDA:13,0,1,1460
BRDA:30,1,0,1458
BRDA:30,1,1,2
BRDA:33,2,0,142
BRDA:33,2,1,50
BRF:6
BRH:6
end_of_record
TN:
SF:src/validations/useValidation.ts
FN:29,(anonymous_0)
FN:33,(anonymous_1)
FN:35,(anonymous_2)
FN:57,(anonymous_3)
FN:64,(anonymous_4)
FN:77,(anonymous_5)
FN:84,(anonymous_6)
FN:92,(anonymous_7)
FN:110,(anonymous_8)
FN:132,(anonymous_9)
FN:141,(anonymous_10)
FN:157,(anonymous_11)
FN:178,(anonymous_12)
FN:178,(anonymous_13)
FN:192,(anonymous_14)
FN:195,(anonymous_15)
FN:208,(anonymous_16)
FN:213,(anonymous_17)
FN:230,(anonymous_18)
FN:246,(anonymous_19)
FN:264,(anonymous_20)
FN:276,(anonymous_21)
FN:278,(anonymous_22)
FN:287,(anonymous_23)
FN:289,(anonymous_24)
FN:301,(anonymous_25)
FNF:26
FNH:26
FNDA:142,(anonymous_0)
FNDA:143,(anonymous_1)
FNDA:286,(anonymous_2)
FNDA:1,(anonymous_3)
FNDA:1,(anonymous_4)
FNDA:46,(anonymous_5)
FNDA:102,(anonymous_6)
FNDA:102,(anonymous_7)
FNDA:16,(anonymous_8)
FNDA:6,(anonymous_9)
FNDA:10,(anonymous_10)
FNDA:5,(anonymous_11)
FNDA:2,(anonymous_12)
FNDA:1,(anonymous_13)
FNDA:2,(anonymous_14)
FNDA:1,(anonymous_15)
FNDA:9,(anonymous_16)
FNDA:17,(anonymous_17)
FNDA:3,(anonymous_18)
FNDA:167,(anonymous_19)
FNDA:3,(anonymous_20)
FNDA:86,(anonymous_21)
FNDA:167,(anonymous_22)
FNDA:71,(anonymous_23)
FNDA:140,(anonymous_24)
FNDA:71,(anonymous_25)
DA:1,1
DA:20,1
DA:21,1
DA:29,1
DA:33,142
DA:34,143
DA:35,286
DA:48,142
DA:49,142
DA:52,142
DA:57,142
DA:58,1
DA:64,142
DA:67,1
DA:77,142
DA:82,46
DA:83,46
DA:84,102
DA:87,46
DA:91,46
DA:92,46
DA:93,102
DA:94,102
DA:96,46
DA:110,142
DA:115,16
DA:116,15
DA:117,15
DA:118,15
DA:119,15
DA:121,1
DA:132,142
DA:135,6
DA:140,6
DA:142,10
DA:147,6
DA:148,6
DA:157,142
DA:162,5
DA:163,4
DA:164,4
DA:165,2
DA:167,4
DA:169,1
DA:178,142
DA:181,1
DA:182,1
DA:192,142
DA:195,2
DA:196,1
DA:197,1
DA:198,1
DA:208,142
DA:212,9
DA:214,17
DA:215,17
DA:220,9
DA:221,9
DA:222,9
DA:230,142
DA:234,3
DA:235,2
DA:236,2
DA:238,1
DA:246,142
DA:250,167
DA:251,166
DA:252,166
DA:254,1
DA:264,142
DA:268,3
DA:269,2
DA:270,2
DA:272,1
DA:276,142
DA:277,86
DA:279,167
DA:287,142
DA:288,71
DA:290,140
DA:298,142
DA:299,142
DA:301,142
DA:302,71
DA:303,71
DA:306,142
LF:86
LH:86
BRDA:82,0,0,41
BRDA:82,0,1,5
BRDA:94,1,0,78
BRDA:94,1,1,24
BRDA:99,2,0,22
BRDA:99,2,1,24
BRDA:115,3,0,15
BRDA:115,3,1,1
BRDA:162,4,0,4
BRDA:162,4,1,1
BRDA:164,5,0,2
BRDA:164,5,1,2
BRDA:210,6,0,8
BRDA:232,7,0,3
BRDA:234,8,0,2
BRDA:234,8,1,1
BRDA:248,9,0,167
BRDA:250,10,0,166
BRDA:250,10,1,1
BRDA:252,11,0,47
BRDA:252,11,1,119
BRDA:266,12,0,3
BRDA:268,13,0,2
BRDA:268,13,1,1
BRDA:279,14,0,147
BRDA:279,14,1,20
BRDA:290,15,0,22
BRDA:290,15,1,118
BRF:28
BRH:28
end_of_record
TN:
SF:src/validations/validation.ts
FN:46,(anonymous_0)
FN:51,(anonymous_1)
FN:55,(anonymous_2)
FN:70,(anonymous_3)
FN:79,(anonymous_4)
FN:85,(anonymous_5)
FN:88,(anonymous_6)
FN:104,(anonymous_7)
FN:111,(anonymous_8)
FN:119,(anonymous_9)
FN:136,(anonymous_10)
FN:149,(anonymous_11)
FN:164,(anonymous_12)
FN:180,(anonymous_13)
FN:203,(anonymous_14)
FN:208,(anonymous_15)
FN:227,(anonymous_16)
FN:236,(anonymous_17)
FN:255,(anonymous_18)
FN:277,(anonymous_19)
FN:278,(anonymous_20)
FN:291,(anonymous_21)
FN:295,(anonymous_22)
FN:25,(anonymous_23)
FN:29,(anonymous_24)
FN:32,(anonymous_25)
FN:42,(anonymous_26)
FNF:27
FNH:27
FNDA:40,(anonymous_0)
FNDA:41,(anonymous_1)
FNDA:82,(anonymous_2)
FNDA:1,(anonymous_3)
FNDA:1,(anonymous_4)
FNDA:29,(anonymous_5)
FNDA:56,(anonymous_6)
FNDA:42,(anonymous_7)
FNDA:90,(anonymous_8)
FNDA:90,(anonymous_9)
FNDA:13,(anonymous_10)
FNDA:3,(anonymous_11)
FNDA:3,(anonymous_12)
FNDA:12,(anonymous_13)
FNDA:9,(anonymous_14)
FNDA:18,(anonymous_15)
FNDA:5,(anonymous_16)
FNDA:9,(anonymous_17)
FNDA:5,(anonymous_18)
FNDA:2,(anonymous_19)
FNDA:1,(anonymous_20)
FNDA:2,(anonymous_21)
FNDA:1,(anonymous_22)
FNDA:15,(anonymous_23)
FNDA:5,(anonymous_24)
FNDA:10,(anonymous_25)
FNDA:8,(anonymous_26)
DA:18,1
DA:19,1
DA:21,1
DA:26,15
DA:30,5
DA:31,5
DA:33,10
DA:34,10
DA:39,5
DA:43,8
DA:47,40
DA:48,40
DA:51,40
DA:54,41
DA:55,82
DA:70,40
DA:71,1
DA:79,40
DA:82,1
DA:85,40
DA:86,29
DA:87,29
DA:89,56
DA:94,29
DA:104,40
DA:109,42
DA:110,42
DA:111,90
DA:114,42
DA:118,42
DA:119,42
DA:120,90
DA:121,90
DA:123,42
DA:136,40
DA:137,13
DA:138,12
DA:139,12
DA:141,1
DA:149,40
DA:150,3
DA:151,2
DA:152,2
DA:154,1
DA:164,40
DA:168,3
DA:169,2
DA:171,1
DA:180,40
DA:185,12
DA:186,11
DA:187,11
DA:191,11
DA:193,1
DA:203,40
DA:207,9
DA:209,18
DA:210,18
DA:215,9
DA:216,9
DA:227,40
DA:230,5
DA:235,5
DA:237,9
DA:245,5
DA:246,5
DA:255,40
DA:260,5
DA:261,4
DA:262,4
DA:263,2
DA:264,2
DA:266,4
DA:268,1
DA:277,40
DA:278,2
DA:279,1
DA:280,1
DA:291,40
DA:295,2
DA:296,1
DA:297,1
DA:298,1
LF:83
LH:83
BRDA:89,0,0,41
BRDA:89,0,1,15
BRDA:109,1,0,38
BRDA:109,1,1,4
BRDA:121,2,0,64
BRDA:121,2,1,26
BRDA:126,3,0,16
BRDA:126,3,1,26
BRDA:137,4,0,12
BRDA:137,4,1,1
BRDA:139,5,0,5
BRDA:139,5,1,7
BRDA:150,6,0,2
BRDA:150,6,1,1
BRDA:166,7,0,3
BRDA:168,8,0,2
BRDA:168,8,1,1
BRDA:185,9,0,11
BRDA:185,9,1,1
BRDA:205,10,0,9
BRDA:260,11,0,4
BRDA:260,11,1,1
BRDA:262,12,0,2
BRDA:262,12,1,2
BRDA:34,13,0,4
BRDA:34,13,1,6
BRF:26
BRH:26
end_of_record
